\BOOKMARK [0][-]{part.1}{\376\377\000I\000\040\000B\000a\000c\000k\000g\000r\000o\000u\000n\000d}{}% 1
\BOOKMARK [1][-]{section.1}{\376\377\000W\000h\000a\000t\000\040\000i\000s\000\040\000p\000s\000y\000c\000h\000o\000p\000h\000y\000s\000i\000o\000l\000o\000g\000i\000c\000a\000l\000\040\000m\000o\000d\000e\000l\000l\000i\000n\000g\000?}{part.1}% 2
\BOOKMARK [2][-]{subsection.1.1}{\376\377\000T\000h\000e\000\040\000p\000s\000y\000c\000h\000o\000p\000h\000y\000s\000i\000o\000l\000o\000g\000i\000c\000a\000l\000\040\000i\000n\000v\000e\000r\000s\000e\000\040\000p\000r\000o\000b\000l\000e\000m}{section.1}% 3
\BOOKMARK [2][-]{subsection.1.2}{\376\377\000O\000p\000e\000r\000a\000t\000i\000o\000n\000a\000l\000\040\000a\000n\000a\000l\000y\000s\000i\000s}{section.1}% 4
\BOOKMARK [2][-]{subsection.1.3}{\376\377\000M\000o\000d\000e\000l\000-\000b\000a\000s\000e\000d\000\040\000a\000n\000a\000l\000y\000s\000i\000s\000\040}{section.1}% 5
\BOOKMARK [1][-]{section.2}{\376\377\000M\000e\000t\000h\000o\000d\000\040\000c\000o\000m\000p\000a\000r\000i\000s\000o\000n}{part.1}% 6
\BOOKMARK [1][-]{section.3}{\376\377\000G\000e\000n\000e\000r\000a\000l\000\040\000m\000o\000d\000e\000l\000\040\000s\000t\000r\000u\000c\000t\000u\000r\000e}{part.1}% 7
\BOOKMARK [2][-]{subsection.3.1}{\376\377\000G\000e\000n\000e\000r\000a\000l}{section.3}% 8
\BOOKMARK [2][-]{subsection.3.2}{\376\377\000P\000e\000r\000i\000p\000h\000e\000r\000a\000l\000\040\000m\000o\000d\000e\000l\000s}{section.3}% 9
\BOOKMARK [2][-]{subsection.3.3}{\376\377\000N\000e\000u\000r\000a\000l\000\040\000m\000o\000d\000e\000l\000s}{section.3}% 10
\BOOKMARK [2][-]{subsection.3.4}{\376\377\000M\000o\000d\000e\000l\000\040\000i\000n\000v\000e\000r\000s\000i\000o\000n}{section.3}% 11
\BOOKMARK [3][-]{subsubsection.3.4.1}{\376\377\000H\000i\000e\000r\000a\000r\000c\000h\000i\000c\000a\000l\000\040\000s\000u\000m\000m\000a\000r\000y\000\040\000s\000t\000a\000t\000i\000s\000t\000i\000c\000\040\000a\000p\000p\000r\000o\000a\000c\000h}{subsection.3.4}% 12
\BOOKMARK [3][-]{subsubsection.3.4.2}{\376\377\000M\000u\000l\000t\000i\000-\000l\000e\000v\000e\000l\000\040\000m\000o\000d\000e\000l\000l\000i\000n\000g}{subsection.3.4}% 13
\BOOKMARK [3][-]{subsubsection.3.4.3}{\376\377\000P\000r\000o\000b\000a\000b\000i\000l\000i\000s\000t\000i\000c\000\040\000m\000o\000d\000e\000l\000\040\000i\000n\000v\000e\000r\000s\000i\000o\000n}{subsection.3.4}% 14
\BOOKMARK [3][-]{subsubsection.3.4.4}{\376\377\000G\000e\000n\000e\000r\000a\000l\000\040\000l\000i\000n\000e\000a\000r\000\040\000c\000o\000n\000v\000o\000l\000u\000t\000i\000o\000n\000\040\000m\000o\000d\000e\000l\000\040\000\050\000G\000L\000M\000\051}{subsection.3.4}% 15
\BOOKMARK [3][-]{subsubsection.3.4.5}{\376\377\000N\000o\000n\000-\000l\000i\000n\000e\000a\000r\000\040\000m\000o\000d\000e\000l\000\040\000i\000n\000v\000e\000r\000s\000i\000o\000n}{subsection.3.4}% 16
\BOOKMARK [1][-]{section.4}{\376\377\000S\000k\000i\000n\000\040\000c\000o\000n\000d\000u\000c\000t\000a\000n\000c\000e\000\040\000\050\000S\000C\000R\000\051\000\040\000m\000o\000d\000e\000l\000s}{part.1}% 17
\BOOKMARK [2][-]{subsection.4.1}{\376\377\000G\000e\000n\000e\000r\000a\000l}{section.4}% 18
\BOOKMARK [2][-]{subsection.4.2}{\376\377\000P\000e\000r\000i\000p\000h\000e\000r\000a\000l\000\040\000L\000T\000I\000\040\000m\000o\000d\000e\000l}{section.4}% 19
\BOOKMARK [3][-]{subsubsection.4.2.1}{\376\377\000M\000o\000d\000e\000l\000\040\000e\000v\000a\000l\000u\000a\000t\000i\000o\000n}{subsection.4.2}% 20
\BOOKMARK [3][-]{subsubsection.4.2.2}{\376\377\000S\000k\000i\000n\000\040\000C\000o\000n\000d\000u\000c\000t\000a\000n\000c\000e\000\040\000R\000e\000s\000p\000o\000n\000s\000e\000\040\000F\000u\000n\000c\000t\000i\000o\000n\000\040\000\050\000S\000C\000R\000F\000\051}{subsection.4.2}% 21
\BOOKMARK [2][-]{subsection.4.3}{\376\377\000N\000e\000u\000r\000a\000l\000\040\000m\000o\000d\000e\000l\000\040\000a\000n\000d\000\040\000m\000o\000d\000e\000l\000\040\000i\000n\000v\000e\000r\000s\000i\000o\000n}{section.4}% 22
\BOOKMARK [3][-]{subsubsection.4.3.1}{\376\377\000P\000h\000y\000s\000i\000o\000l\000o\000g\000i\000c\000a\000l\000\040\000e\000v\000i\000d\000e\000n\000c\000e}{subsection.4.3}% 23
\BOOKMARK [3][-]{subsubsection.4.3.2}{\376\377\000G\000e\000n\000e\000r\000a\000l\000\040\000L\000i\000n\000e\000a\000r\000\040\000M\000o\000d\000e\000l\000\040\000\050\000G\000L\000M\000\051\000\040\000f\000o\000r\000\040\000e\000v\000o\000k\000e\000d\000\040\000S\000A}{subsection.4.3}% 24
\BOOKMARK [3][-]{subsubsection.4.3.3}{\376\377\000N\000o\000n\000-\000l\000i\000n\000e\000a\000r\000\040\000m\000o\000d\000e\000l\000\040\000\050\000D\000C\000M\000\051\000\040\000f\000o\000r\000\040\000e\000v\000e\000n\000t\000-\000r\000e\000l\000a\000t\000e\000d\000\040\000S\000A}{subsection.4.3}% 25
\BOOKMARK [3][-]{subsubsection.4.3.4}{\376\377\000N\000o\000n\000-\000l\000i\000n\000e\000a\000r\000\040\000m\000o\000d\000e\000l\000\040\000f\000o\000r\000\040\000t\000o\000n\000i\000c\000\040\000S\000A\000\040\000\050\000s\000p\000o\000n\000t\000a\000n\000e\000o\000u\000s\000\040\000f\000l\000u\000c\000t\000u\000a\000t\000i\000o\000n\000s\000,\000\040\000S\000F\000\051}{subsection.4.3}% 26
\BOOKMARK [2][-]{subsection.4.4}{\376\377\000D\000a\000t\000a\000\040\000c\000o\000n\000d\000i\000t\000i\000o\000n\000i\000n\000g}{section.4}% 27
\BOOKMARK [3][-]{subsubsection.4.4.1}{\376\377\000F\000i\000l\000t\000e\000r\000i\000n\000g}{subsection.4.4}% 28
\BOOKMARK [3][-]{subsubsection.4.4.2}{\376\377\000N\000o\000r\000m\000a\000l\000i\000s\000a\000t\000i\000o\000n}{subsection.4.4}% 29
\BOOKMARK [2][-]{subsection.4.5}{\376\377\000I\000m\000p\000l\000i\000c\000i\000t\000\040\000e\000s\000t\000i\000m\000a\000t\000e\000s\000\040\000o\000f\000\040\000t\000o\000n\000i\000c\000\040\000s\000y\000m\000p\000a\000t\000h\000e\000t\000i\000c\000\040\000a\000r\000o\000u\000s\000a\000l}{section.4}% 30
\BOOKMARK [2][-]{subsection.4.6}{\376\377\000C\000o\000m\000p\000a\000r\000i\000s\000o\000n\000\040\000w\000i\000t\000h\000\040\000o\000t\000h\000e\000r\000\040\000m\000o\000d\000e\000l\000-\000b\000a\000s\000e\000d\000\040\000m\000e\000t\000h\000o\000d\000s\000\040\000f\000o\000r\000\040\000S\000C\000R}{section.4}% 31
\BOOKMARK [2][-]{subsection.4.7}{\376\377\000R\000e\000c\000o\000m\000m\000e\000n\000d\000a\000t\000i\000o\000n\000s}{section.4}% 32
\BOOKMARK [1][-]{section.5}{\376\377\000H\000e\000a\000r\000t\000\040\000P\000e\000r\000i\000o\000d\000\040\000\050\000H\000P\000\051\000\040\000M\000o\000d\000e\000l\000s}{part.1}% 33
\BOOKMARK [2][-]{subsection.5.1}{\376\377\000G\000e\000n\000e\000r\000a\000l}{section.5}% 34
\BOOKMARK [2][-]{subsection.5.2}{\376\377\000P\000e\000r\000i\000p\000h\000e\000r\000a\000l\000\040\000a\000n\000d\000\040\000n\000e\000u\000r\000a\000l\000\040\000m\000o\000d\000e\000l}{section.5}% 35
\BOOKMARK [2][-]{subsection.5.3}{\376\377\000M\000o\000d\000e\000l\000\040\000f\000o\000r\000\040\000e\000v\000e\000n\000t\000-\000r\000e\000l\000a\000t\000e\000d\000\040\000H\000P\000R}{section.5}% 36
\BOOKMARK [2][-]{subsection.5.4}{\376\377\000M\000o\000d\000e\000l\000\040\000f\000o\000r\000\040\000f\000e\000a\000r\000-\000c\000o\000n\000d\000i\000t\000i\000o\000n\000e\000d\000\040\000H\000P\000R}{section.5}% 37
\BOOKMARK [3][-]{subsubsection.5.4.1}{\376\377\000A\000d\000a\000p\000t\000a\000t\000i\000o\000n\000\040\000t\000o\000\040\000d\000i\000f\000f\000e\000r\000e\000n\000t\000\040\000S\000O\000A\000s}{subsection.5.4}% 38
\BOOKMARK [2][-]{subsection.5.5}{\376\377\000D\000a\000t\000a\000\040\000C\000o\000n\000d\000i\000t\000i\000o\000n\000i\000n\000g}{section.5}% 39
\BOOKMARK [3][-]{subsubsection.5.5.1}{\376\377\000Q\000R\000S\000\040\000d\000e\000t\000e\000c\000t\000i\000o\000n}{subsection.5.5}% 40
\BOOKMARK [3][-]{subsubsection.5.5.2}{\376\377\000I\000n\000t\000e\000r\000p\000o\000l\000a\000t\000i\000o\000n\000\040\000a\000n\000d\000\040\000F\000i\000l\000t\000e\000r\000i\000n\000g\000\040}{subsection.5.5}% 41
\BOOKMARK [2][-]{subsection.5.6}{\376\377\000R\000e\000c\000o\000m\000m\000e\000n\000d\000a\000t\000i\000o\000n\000s}{section.5}% 42
\BOOKMARK [1][-]{section.6}{\376\377\000P\000u\000p\000i\000l\000\040\000s\000i\000z\000e\000\040\000r\000e\000s\000p\000o\000n\000s\000e\000\040\000\050\000P\000S\000R\000\051\000\040\000m\000o\000d\000e\000l\000s}{part.1}% 43
\BOOKMARK [2][-]{subsection.6.1}{\376\377\000G\000e\000n\000e\000r\000a\000l}{section.6}% 44
\BOOKMARK [2][-]{subsection.6.2}{\376\377\000M\000o\000d\000e\000l\000\040\000f\000o\000r\000\040\000p\000u\000p\000i\000l\000\040\000s\000i\000z\000e\000\040\000c\000h\000a\000n\000g\000e\000s\000\040\000e\000l\000i\000c\000i\000t\000e\000d\000\040\000b\000y\000\040\000\050\000i\000l\000\051\000l\000u\000m\000i\000n\000a\000n\000c\000e\000\040\000c\000h\000a\000n\000g\000e\000s}{section.6}% 45
\BOOKMARK [3][-]{subsubsection.6.2.1}{\376\377\000M\000o\000d\000e\000l\000\040\000f\000o\000r\000\040\000s\000t\000e\000a\000d\000y\000-\000s\000t\000a\000t\000e\000\040\000p\000u\000p\000i\000l\000\040\000s\000i\000z\000e}{subsection.6.2}% 46
\BOOKMARK [3][-]{subsubsection.6.2.2}{\376\377\000M\000o\000d\000e\000l\000\040\000f\000o\000r\000\040\000p\000u\000p\000i\000l\000\040\000d\000i\000l\000a\000t\000i\000o\000n\000/\000c\000o\000n\000s\000t\000r\000i\000c\000t\000i\000o\000n}{subsection.6.2}% 47
\BOOKMARK [2][-]{subsection.6.3}{\376\377\000M\000o\000d\000e\000l\000\040\000f\000o\000r\000\040\000p\000u\000p\000i\000l\000\040\000s\000i\000z\000e\000\040\000c\000h\000a\000n\000g\000e\000s\000\040\000e\000l\000i\000c\000i\000t\000e\000d\000\040\000b\000y\000\040\000f\000e\000a\000r\000\040\000c\000o\000n\000d\000i\000t\000i\000o\000n\000i\000n\000g}{section.6}% 48
\BOOKMARK [2][-]{subsection.6.4}{\376\377\000D\000a\000t\000a\000\040\000p\000r\000e\000c\000o\000n\000d\000i\000t\000i\000o\000n\000i\000n\000g}{section.6}% 49
\BOOKMARK [1][-]{section.7}{\376\377\000R\000e\000s\000p\000i\000r\000a\000t\000o\000r\000y\000\040\000r\000e\000s\000p\000o\000n\000s\000e\000\040\000m\000o\000d\000e\000l\000s}{part.1}% 50
\BOOKMARK [2][-]{subsection.7.1}{\376\377\000G\000e\000n\000e\000r\000a\000l}{section.7}% 51
\BOOKMARK [2][-]{subsection.7.2}{\376\377\000P\000e\000r\000i\000p\000h\000e\000r\000a\000l\000\040\000a\000n\000d\000\040\000n\000e\000u\000r\000a\000l\000\040\000m\000o\000d\000e\000l}{section.7}% 52
\BOOKMARK [2][-]{subsection.7.3}{\376\377\000M\000o\000d\000e\000l\000s\000\040\000f\000o\000r\000\040\000e\000v\000o\000k\000e\000d\000\040\000r\000e\000s\000p\000i\000r\000a\000t\000o\000r\000y\000\040\000r\000e\000s\000p\000o\000n\000s\000e\000s}{section.7}% 53
\BOOKMARK [2][-]{subsection.7.4}{\376\377\000M\000o\000d\000e\000l\000\040\000f\000o\000r\000\040\000f\000e\000a\000r\000-\000c\000o\000n\000d\000i\000t\000i\000o\000n\000e\000d\000\040\000R\000A\000R}{section.7}% 54
\BOOKMARK [2][-]{subsection.7.5}{\376\377\000D\000a\000t\000a\000\040\000C\000o\000n\000d\000i\000t\000i\000o\000n\000i\000n\000g}{section.7}% 55
\BOOKMARK [3][-]{subsubsection.7.5.1}{\376\377\000B\000r\000e\000a\000t\000h\000i\000n\000g\000\040\000c\000y\000c\000l\000e\000\040\000d\000e\000t\000e\000c\000t\000i\000o\000n\000\040}{subsection.7.5}% 56
\BOOKMARK [3][-]{subsubsection.7.5.2}{\376\377\000I\000n\000t\000e\000r\000p\000o\000l\000a\000t\000i\000o\000n\000\040\000a\000n\000d\000\040\000F\000i\000l\000t\000e\000r\000i\000n\000g\000\040}{subsection.7.5}% 57
\BOOKMARK [2][-]{subsection.7.6}{\376\377\000R\000e\000c\000o\000m\000m\000e\000n\000d\000a\000t\000i\000o\000n\000s}{section.7}% 58
\BOOKMARK [1][-]{section.8}{\376\377\000S\000t\000a\000r\000t\000l\000e\000\040\000e\000y\000e\000\040\000b\000l\000i\000n\000k\000\040\000r\000e\000s\000p\000o\000n\000s\000e\000\040\000m\000o\000d\000e\000l\000s}{part.1}% 59
\BOOKMARK [2][-]{subsection.8.1}{\376\377\000G\000e\000n\000e\000r\000a\000l}{section.8}% 60
\BOOKMARK [2][-]{subsection.8.2}{\376\377\000P\000e\000r\000i\000p\000h\000e\000r\000a\000l\000\040\000a\000n\000d\000\040\000n\000e\000u\000r\000a\000l\000\040\000m\000o\000d\000e\000l}{section.8}% 61
\BOOKMARK [2][-]{subsection.8.3}{\376\377\000D\000a\000t\000a\000\040\000p\000r\000e\000c\000o\000n\000d\000i\000t\000i\000o\000n\000i\000n\000g}{section.8}% 62
\BOOKMARK [2][-]{subsection.8.4}{\376\377\000R\000e\000c\000o\000m\000m\000e\000n\000d\000a\000t\000i\000o\000n\000s}{section.8}% 63
\BOOKMARK [1][-]{section.9}{\376\377\000S\000c\000a\000n\000p\000a\000t\000h\000\040\000s\000p\000e\000e\000d\000\040\000\050\000S\000P\000S\000\051\000\040\000m\000o\000d\000e\000l}{part.1}% 64
\BOOKMARK [2][-]{subsection.9.1}{\376\377\000G\000e\000n\000e\000r\000a\000l\000\040}{section.9}% 65
\BOOKMARK [2][-]{subsection.9.2}{\376\377\000M\000o\000d\000e\000l\000\040\000f\000o\000r\000\040\000f\000e\000a\000r\000-\000c\000o\000n\000d\000i\000t\000i\000o\000n\000e\000d\000\040\000S\000P\000S\000\040}{section.9}% 66
\BOOKMARK [2][-]{subsection.9.3}{\376\377\000D\000a\000t\000a\000\040\000p\000r\000e\000c\000o\000n\000d\000i\000t\000i\000o\000n\000i\000n\000g\000\040}{section.9}% 67
\BOOKMARK [2][-]{subsection.9.4}{\376\377\000R\000e\000c\000o\000m\000m\000e\000n\000d\000a\000t\000i\000o\000n\000s}{section.9}% 68
\BOOKMARK [0][-]{part.2}{\376\377\000I\000I\000\040\000U\000s\000e\000r\000\040\000G\000u\000i\000d\000e}{}% 69
\BOOKMARK [1][-]{section.10}{\376\377\000I\000n\000s\000t\000a\000l\000l\000a\000t\000i\000o\000n}{part.2}% 70
\BOOKMARK [1][-]{section.11}{\376\377\000S\000t\000a\000r\000t\000\040\000t\000h\000e\000\040\000p\000a\000c\000k\000a\000g\000e}{part.2}% 71
\BOOKMARK [1][-]{section.12}{\376\377\000G\000e\000n\000e\000r\000a\000l\000\040\000p\000o\000i\000n\000t\000s}{part.2}% 72
\BOOKMARK [2][-]{subsection.12.1}{\376\377\000F\000i\000l\000e\000\040\000t\000y\000p\000e\000s}{section.12}% 73
\BOOKMARK [2][-]{subsection.12.2}{\376\377\000F\000u\000n\000c\000t\000i\000o\000n\000s\000\040\000t\000h\000a\000t\000\040\000c\000r\000e\000a\000t\000e\000\040\000n\000e\000w\000\040\000d\000a\000t\000a\000\040\000f\000i\000l\000e\000s}{section.12}% 74
\BOOKMARK [2][-]{subsection.12.3}{\376\377\000F\000u\000n\000c\000t\000i\000o\000n\000s\000\040\000t\000h\000a\000t\000\040\000c\000r\000e\000a\000t\000e\000\040\000o\000r\000\040\000m\000o\000d\000i\000f\000y\000\040\000d\000a\000t\000a\000\040\000c\000h\000a\000n\000n\000e\000l\000s\000\040\000i\000n\000\040\000a\000n\000\040\000e\000x\000i\000s\000t\000i\000n\000g\000\040\000f\000i\000l\000e}{section.12}% 75
\BOOKMARK [1][-]{section.13}{\376\377\000D\000a\000t\000a\000\040\000p\000r\000e\000p\000a\000r\000a\000t\000i\000o\000n}{part.2}% 76
\BOOKMARK [2][-]{subsection.13.1}{\376\377\000I\000m\000p\000o\000r\000t}{section.13}% 77
\BOOKMARK [2][-]{subsection.13.2}{\376\377\000T\000r\000i\000m}{section.13}% 78
\BOOKMARK [1][-]{section.14}{\376\377\000D\000a\000t\000a\000\040\000p\000r\000e\000p\000r\000o\000c\000e\000s\000s\000i\000n\000g}{part.2}% 79
\BOOKMARK [2][-]{subsection.14.1}{\376\377\000P\000r\000e\000p\000r\000o\000c\000e\000s\000s\000\040\000h\000e\000a\000r\000t\000\040\000d\000a\000t\000a}{section.14}% 80
\BOOKMARK [2][-]{subsection.14.2}{\376\377\000E\000C\000G\000\040\000e\000d\000i\000t\000o\000r\000\040}{section.14}% 81
\BOOKMARK [2][-]{subsection.14.3}{\376\377\000P\000r\000e\000p\000r\000o\000c\000e\000s\000s\000\040\000r\000e\000s\000p\000i\000r\000a\000t\000i\000o\000n\000\040\000d\000a\000t\000a}{section.14}% 82
\BOOKMARK [2][-]{subsection.14.4}{\376\377\000P\000r\000e\000p\000a\000r\000e\000\040\000i\000l\000l\000u\000m\000i\000n\000a\000n\000c\000e\000\040\000G\000L\000M}{section.14}% 83
\BOOKMARK [2][-]{subsection.14.5}{\376\377\000F\000i\000n\000d\000\040\000v\000a\000l\000i\000d\000\040\000f\000i\000x\000a\000t\000i\000o\000n\000s}{section.14}% 84
\BOOKMARK [2][-]{subsection.14.6}{\376\377\000P\000u\000p\000i\000l\000\040\000F\000o\000r\000e\000s\000h\000o\000r\000t\000e\000n\000i\000n\000g\000\040\000E\000r\000r\000o\000r\000\040\000C\000o\000r\000r\000e\000c\000t\000i\000o\000n\000\040}{section.14}% 85
\BOOKMARK [2][-]{subsection.14.7}{\376\377\000P\000u\000p\000i\000l\000\040\000S\000i\000z\000e\000\040\000P\000r\000e\000p\000r\000o\000c\000e\000s\000s\000i\000n\000g\000\040}{section.14}% 86
\BOOKMARK [2][-]{subsection.14.8}{\376\377\000C\000o\000n\000v\000e\000r\000t\000\040\000d\000a\000t\000a}{section.14}% 87
\BOOKMARK [2][-]{subsection.14.9}{\376\377\000F\000i\000n\000d\000\040\000s\000t\000a\000r\000t\000l\000e\000\040\000s\000o\000u\000n\000d\000\040\000o\000n\000s\000e\000t\000s}{section.14}% 88
\BOOKMARK [2][-]{subsection.14.10}{\376\377\000P\000r\000e\000p\000r\000o\000c\000e\000s\000s\000\040\000s\000t\000a\000r\000t\000l\000e\000\040\000e\000y\000e\000b\000l\000i\000n\000k\000\040\000E\000M\000G}{section.14}% 89
\BOOKMARK [2][-]{subsection.14.11}{\376\377\000G\000a\000z\000e\000\040\000P\000r\000e\000p\000r\000o\000c\000e\000s\000s\000i\000n\000g\000\040}{section.14}% 90
\BOOKMARK [2][-]{subsection.14.12}{\376\377\000P\000r\000e\000p\000r\000o\000c\000e\000s\000s\000i\000n\000g\000\040\000S\000C\000R\000\040}{section.14}% 91
\BOOKMARK [1][-]{section.15}{\376\377\000F\000i\000r\000s\000t\000\040\000l\000e\000v\000e\000l}{part.2}% 92
\BOOKMARK [2][-]{subsection.15.1}{\376\377\000G\000L\000M\000\040\000\050\000m\000o\000d\000a\000l\000i\000t\000y\000-\000i\000n\000d\000e\000p\000e\000n\000d\000e\000n\000t\000\040\000o\000p\000t\000i\000o\000n\000s\000\051}{section.15}% 93
\BOOKMARK [2][-]{subsection.15.2}{\376\377\000G\000L\000M\000\040\000f\000o\000r\000\040\000S\000C\000R}{section.15}% 94
\BOOKMARK [2][-]{subsection.15.3}{\376\377\000G\000L\000M\000\040\000f\000o\000r\000\040\000e\000v\000o\000k\000e\000d\000\040\000H\000P\000R}{section.15}% 95
\BOOKMARK [2][-]{subsection.15.4}{\376\377\000G\000L\000M\000\040\000f\000o\000r\000\040\000f\000e\000a\000r\000-\000c\000o\000n\000d\000i\000t\000i\000o\000n\000e\000d\000\040\000H\000P\000R}{section.15}% 96
\BOOKMARK [2][-]{subsection.15.5}{\376\377\000G\000L\000M\000\040\000f\000o\000r\000\040\000f\000e\000a\000r\000-\000c\000o\000n\000d\000i\000t\000i\000o\000n\000e\000d\000\040\000P\000S\000R}{section.15}% 97
\BOOKMARK [2][-]{subsection.15.6}{\376\377\000G\000L\000M\000\040\000f\000o\000r\000\040\000e\000v\000o\000k\000e\000d\000\040\000R\000A\000R}{section.15}% 98
\BOOKMARK [2][-]{subsection.15.7}{\376\377\000G\000L\000M\000\040\000f\000o\000r\000\040\000f\000e\000a\000r\000-\000c\000o\000n\000d\000i\000t\000i\000o\000n\000e\000d\000\040\000R\000A\000R}{section.15}% 99
\BOOKMARK [2][-]{subsection.15.8}{\376\377\000G\000L\000M\000\040\000f\000o\000r\000\040\000e\000v\000o\000k\000e\000d\000\040\000R\000P\000R}{section.15}% 100
\BOOKMARK [2][-]{subsection.15.9}{\376\377\000G\000L\000M\000\040\000f\000o\000r\000\040\000e\000v\000o\000k\000e\000d\000\040\000R\000F\000R\000R}{section.15}% 101
\BOOKMARK [2][-]{subsection.15.10}{\376\377\000G\000L\000M\000\040\000f\000o\000r\000\040\000S\000E\000B\000R}{section.15}% 102
\BOOKMARK [2][-]{subsection.15.11}{\376\377\000G\000L\000M\000\040\000f\000o\000r\000\040\000S\000P\000S}{section.15}% 103
\BOOKMARK [2][-]{subsection.15.12}{\376\377\000N\000o\000n\000-\000L\000i\000n\000e\000a\000r\000\040\000M\000o\000d\000e\000l\000\040\000f\000o\000r\000\040\000S\000C\000R}{section.15}% 104
\BOOKMARK [2][-]{subsection.15.13}{\376\377\000S\000F\000\040\000m\000o\000d\000e\000l\000s}{section.15}% 105
\BOOKMARK [2][-]{subsection.15.14}{\376\377\000R\000e\000v\000i\000e\000w\000\040\000F\000i\000r\000s\000t\000-\000L\000e\000v\000e\000l\000\040\000M\000o\000d\000e\000l\000\040\000\050\000v\000i\000a\000\040\000B\000a\000t\000c\000h\000\040\000e\000d\000i\000t\000o\000r\000\051}{section.15}% 106
\BOOKMARK [2][-]{subsection.15.15}{\376\377\000F\000i\000r\000s\000t\000-\000L\000e\000v\000e\000l\000\040\000M\000o\000d\000e\000l\000\040\000R\000e\000v\000i\000e\000w\000\040\000M\000a\000n\000a\000g\000e\000r\000\040\000\050\000v\000i\000a\000\040\000G\000U\000I\000\051}{section.15}% 107
\BOOKMARK [2][-]{subsection.15.16}{\376\377\000F\000i\000r\000s\000t\000-\000L\000e\000v\000e\000l\000\040\000C\000o\000n\000t\000r\000a\000s\000t\000s\000\040\000\050\000v\000i\000a\000\040\000B\000a\000t\000c\000h\000\040\000e\000d\000i\000t\000o\000r\000\051}{section.15}% 108
\BOOKMARK [2][-]{subsection.15.17}{\376\377\000F\000i\000r\000s\000t\000\040\000l\000e\000v\000e\000l\000\040\000c\000o\000n\000t\000r\000a\000s\000t\000\040\000m\000a\000n\000a\000g\000e\000r\000\040\000\050\000v\000i\000a\000\040\000G\000U\000I\000\051}{section.15}% 109
\BOOKMARK [2][-]{subsection.15.18}{\376\377\000E\000x\000p\000o\000r\000t\000\040\000S\000t\000a\000t\000i\000s\000t\000i\000c\000s\000\040}{section.15}% 110
\BOOKMARK [1][-]{section.16}{\376\377\000S\000e\000c\000o\000n\000d\000\040\000l\000e\000v\000e\000l}{part.2}% 111
\BOOKMARK [2][-]{subsection.16.1}{\376\377\000D\000e\000f\000i\000n\000e\000\040\000S\000e\000c\000o\000n\000d\000-\000L\000e\000v\000e\000l\000\040\000M\000o\000d\000e\000l}{section.16}% 112
\BOOKMARK [2][-]{subsection.16.2}{\376\377\000R\000e\000p\000o\000r\000t\000\040\000S\000e\000c\000o\000n\000d\000-\000L\000e\000v\000e\000l\000\040\000R\000e\000s\000u\000l\000t\000s\000\040}{section.16}% 113
\BOOKMARK [1][-]{section.17}{\376\377\000T\000o\000o\000l\000s}{part.2}% 114
\BOOKMARK [2][-]{subsection.17.1}{\376\377\000D\000i\000s\000p\000l\000a\000y\000\040\000D\000a\000t\000a}{section.17}% 115
\BOOKMARK [2][-]{subsection.17.2}{\376\377\000D\000a\000t\000a\000\040\000e\000d\000i\000t\000o\000r}{section.17}% 116
\BOOKMARK [2][-]{subsection.17.3}{\376\377\000R\000e\000n\000a\000m\000e\000\040\000F\000i\000l\000e}{section.17}% 117
\BOOKMARK [2][-]{subsection.17.4}{\376\377\000S\000p\000l\000i\000t\000\040\000S\000e\000s\000s\000i\000o\000n\000s}{section.17}% 118
\BOOKMARK [2][-]{subsection.17.5}{\376\377\000M\000e\000r\000g\000e\000\040\000f\000i\000l\000e\000s}{section.17}% 119
\BOOKMARK [2][-]{subsection.17.6}{\376\377\000A\000r\000t\000e\000f\000a\000c\000t\000\040\000R\000e\000m\000o\000v\000a\000l}{section.17}% 120
\BOOKMARK [2][-]{subsection.17.7}{\376\377\000D\000o\000w\000n\000s\000a\000m\000p\000l\000e\000\040\000D\000a\000t\000a\000\040}{section.17}% 121
\BOOKMARK [2][-]{subsection.17.8}{\376\377\000I\000n\000t\000e\000r\000p\000o\000l\000a\000t\000e\000\040\000m\000i\000s\000s\000i\000n\000g\000\040\000d\000a\000t\000a}{section.17}% 122
\BOOKMARK [2][-]{subsection.17.9}{\376\377\000E\000x\000t\000r\000a\000c\000t\000\040\000s\000e\000g\000m\000e\000n\000t\000s}{section.17}% 123
\BOOKMARK [2][-]{subsection.17.10}{\376\377\000S\000e\000g\000m\000e\000n\000t\000\040\000m\000e\000a\000n}{section.17}% 124
\BOOKMARK [2][-]{subsection.17.11}{\376\377\000E\000x\000t\000r\000a\000c\000t\000\040\000e\000v\000e\000n\000t\000\040\000m\000a\000r\000k\000e\000r\000\040\000i\000n\000f\000o}{section.17}% 125
\BOOKMARK [1][-]{section.18}{\376\377\000C\000o\000n\000v\000e\000n\000i\000e\000n\000c\000e\000\040\000f\000u\000n\000c\000t\000i\000o\000n\000s}{part.2}% 126
\BOOKMARK [1][-]{section.19}{\376\377\000T\000r\000o\000u\000b\000l\000e\000s\000h\000o\000o\000t\000i\000n\000g\000\040\000a\000n\000d\000\040\000k\000n\000o\000w\000n\000\040\000p\000r\000o\000b\000l\000e\000m\000s}{part.2}% 127
\BOOKMARK [2][-]{subsection.19.1}{\376\377\000P\000a\000t\000h}{section.19}% 128
\BOOKMARK [2][-]{subsection.19.2}{\376\377\000D\000i\000a\000g\000n\000o\000s\000t\000i\000c\000\040\000g\000r\000a\000p\000h\000i\000c\000s\000\040\000f\000o\000r\000\040\000n\000o\000n\000-\000l\000i\000n\000e\000a\000r\000\040\000m\000o\000d\000e\000l\000\040\000i\000n\000v\000e\000r\000s\000i\000o\000n}{section.19}% 129
\BOOKMARK [2][-]{subsection.19.3}{\376\377\000E\000x\000p\000o\000r\000t\000\040\000s\000t\000a\000t\000i\000s\000t\000i\000c\000s\000\040\000i\000n\000t\000o\000\040\000t\000e\000x\000t\000\040\000f\000o\000r\000m\000a\000t\000\040\000w\000i\000t\000h\000\040\000t\000a\000b\000\040\000d\000e\000l\000i\000m\000i\000t\000e\000r}{section.19}% 130
\BOOKMARK [0][-]{part.3}{\376\377\000I\000I\000I\000\040\000T\000u\000t\000o\000r\000i\000a\000l}{}% 131
\BOOKMARK [1][-]{section.20}{\376\377\000G\000L\000M\000\040\000f\000o\000r\000\040\000S\000C\000R\000\040\000t\000u\000t\000o\000r\000i\000a\000l\000:\000\040\000A\000p\000p\000r\000a\000i\000s\000a\000l\000\040\000d\000a\000t\000a\000\040}{part.3}% 132
\BOOKMARK [2][-]{subsection.20.1}{\376\377\000I\000m\000p\000o\000r\000t}{section.20}% 133
\BOOKMARK [2][-]{subsection.20.2}{\376\377\000T\000r\000i\000m}{section.20}% 134
\BOOKMARK [2][-]{subsection.20.3}{\376\377\000F\000i\000r\000s\000t\000-\000L\000e\000v\000e\000l}{section.20}% 135
\BOOKMARK [2][-]{subsection.20.4}{\376\377\000R\000e\000v\000i\000e\000w\000\040\000F\000i\000r\000s\000t\000-\000L\000e\000v\000e\000l\000\040\000M\000o\000d\000e\000l}{section.20}% 136
\BOOKMARK [2][-]{subsection.20.5}{\376\377\000F\000i\000r\000s\000t\000-\000L\000e\000v\000e\000l\000\040\000C\000o\000n\000t\000r\000a\000s\000t\000\040\000M\000a\000n\000a\000g\000e\000r}{section.20}% 137
\BOOKMARK [2][-]{subsection.20.6}{\376\377\000E\000x\000p\000o\000r\000t\000\040\000S\000t\000a\000t\000i\000s\000t\000i\000c\000s}{section.20}% 138
\BOOKMARK [2][-]{subsection.20.7}{\376\377\000A\000d\000a\000p\000t\000i\000n\000g\000\040\000s\000c\000r\000i\000p\000t\000s\000\040\000f\000o\000r\000\040\000m\000u\000l\000t\000i\000p\000l\000e\000\040\000p\000a\000r\000t\000i\000c\000i\000p\000a\000n\000t\000s\000\040\000a\000n\000d\000\040\000s\000e\000c\000o\000n\000d\000-\000l\000e\000v\000e\000l\000\040\000a\000n\000a\000l\000y\000s\000e\000s\000\040}{section.20}% 139
\BOOKMARK [1][-]{section.21}{\376\377\000N\000o\000n\000-\000l\000i\000n\000e\000a\000r\000\040\000S\000C\000R\000\040\000t\000u\000t\000o\000r\000i\000a\000l\000:\000\040\000D\000e\000l\000a\000y\000\040\000f\000e\000a\000r\000\040\000c\000o\000n\000d\000i\000t\000i\000o\000n\000i\000n\000g\000\040\000d\000a\000t\000a}{part.3}% 140
\BOOKMARK [2][-]{subsection.21.1}{\376\377\000S\000e\000t\000u\000p\000\040\000t\000h\000e\000\040\000N\000o\000n\000-\000L\000i\000n\000e\000a\000r\000\040\000M\000o\000d\000e\000l}{section.21}% 141
\BOOKMARK [2][-]{subsection.21.2}{\376\377\000F\000i\000r\000s\000t\000-\000l\000e\000v\000e\000l\000\040\000C\000o\000n\000t\000r\000a\000s\000t\000s}{section.21}% 142
\BOOKMARK [2][-]{subsection.21.3}{\376\377\000E\000x\000p\000o\000r\000t\000i\000n\000g\000\040\000s\000t\000a\000t\000i\000s\000t\000i\000c\000s}{section.21}% 143
\BOOKMARK [1][-]{section.22}{\376\377\000A\000d\000a\000p\000t\000i\000n\000g\000\040\000s\000c\000r\000i\000p\000t\000s\000\040\000f\000o\000r\000\040\000m\000u\000l\000t\000i\000p\000l\000e\000\040\000p\000a\000r\000t\000i\000c\000i\000p\000a\000n\000t\000s}{part.3}% 144
\BOOKMARK [2][-]{subsection.22.1}{\376\377\000I\000m\000p\000o\000r\000t\000i\000n\000g\000\040\000a\000n\000d\000\040\000t\000r\000i\000m\000m\000i\000n\000g\000\040\000d\000a\000t\000a}{section.22}% 145
\BOOKMARK [2][-]{subsection.22.2}{\376\377\000I\000n\000v\000e\000r\000t\000i\000n\000g\000\040\000n\000o\000n\000-\000l\000i\000n\000e\000a\000r\000\040\000m\000o\000d\000e\000l\000s}{section.22}% 146
\BOOKMARK [1][-]{section.23}{\376\377\000S\000e\000c\000o\000n\000d\000-\000l\000e\000v\000e\000l\000\040\000C\000o\000n\000t\000r\000a\000s\000t\000\040\000M\000a\000n\000a\000g\000e\000r}{part.3}% 147
\BOOKMARK [2][-]{subsection.23.1}{\376\377\000G\000L\000M}{section.23}% 148
\BOOKMARK [3][-]{subsubsection.23.1.1}{\376\377\000D\000e\000f\000i\000n\000e\000\040\000S\000e\000c\000o\000n\000d\000-\000L\000e\000v\000e\000l\000\040\000M\000o\000d\000e\000l}{subsection.23.1}% 149
\BOOKMARK [3][-]{subsubsection.23.1.2}{\376\377\000R\000e\000p\000o\000r\000t\000\040\000S\000e\000c\000o\000n\000d\000-\000L\000e\000v\000e\000l\000\040\000R\000e\000s\000u\000l\000t\000s}{subsection.23.1}% 150
\BOOKMARK [2][-]{subsection.23.2}{\376\377\000N\000o\000n\000-\000l\000i\000n\000e\000a\000r\000\040\000m\000o\000d\000e\000l\000s}{section.23}% 151
\BOOKMARK [1][-]{section.24}{\376\377\000C\000a\000l\000l\000i\000n\000g\000\040\000P\000s\000P\000M\000\040\000f\000u\000n\000c\000t\000i\000o\000n\000s\000\040\000d\000i\000r\000e\000c\000t\000l\000y\000\040\000f\000r\000o\000m\000\040\000t\000h\000e\000\040\000M\000a\000t\000l\000a\000b\000\040\000c\000o\000m\000m\000a\000n\000d\000\040\000l\000i\000n\000e}{part.3}% 152
\BOOKMARK [0][-]{part.4}{\376\377\000I\000V\000\040\000H\000o\000w\000\040\000t\000o\000\040\000R\000e\000f\000e\000r\000e\000n\000c\000e\000\040\000P\000s\000P\000M}{}% 153
\BOOKMARK [0][-]{part.5}{\376\377\000V\000\040\000R\000e\000l\000e\000a\000s\000e\000\040\000n\000o\000t\000e\000s}{}% 154
\BOOKMARK [0][-]{part.6}{\376\377\000V\000I\000\040\000A\000c\000k\000n\000o\000w\000l\000e\000d\000g\000e\000m\000e\000n\000t\000s}{}% 155
\BOOKMARK [0][-]{part.7}{\376\377\000V\000I\000I\000\040\000R\000e\000f\000e\000r\000e\000n\000c\000e\000s}{}% 156
