This is pdfTeX, Version 3.141592653-2.6-1.40.24 (TeX Live 2022) (preloaded format=pdflatex 2022.5.31)  14 JUL 2022 20:38
entering extended mode
 restricted \write18 enabled.
 file:line:error style messages enabled.
 %&-line parsing enabled.
**PsPM_Manual.tex
(./PsPM_Manual.tex
LaTeX2e <2021-11-15> patch level 1
L3 programming layer <2022-05-30>
(/usr/local/texlive/2022/texmf-dist/tex/latex/base/article.cls
Document Class: article 2021/10/04 v1.4n Standard LaTeX document class
(/usr/local/texlive/2022/texmf-dist/tex/latex/base/size10.clo
File: size10.clo 2021/10/04 v1.4n Standard LaTeX file (size option)
)
\c@part=\count185
\c@section=\count186
\c@subsection=\count187
\c@subsubsection=\count188
\c@paragraph=\count189
\c@subparagraph=\count190
\c@figure=\count191
\c@table=\count192
\abovecaptionskip=\skip47
\belowcaptionskip=\skip48
\bibindent=\dimen138
)
(/usr/local/texlive/2022/texmf-dist/tex/latex/base/fontenc.sty
Package: fontenc 2021/04/29 v2.0v Standard LaTeX package

(/usr/local/texlive/2022/texmf-dist/tex/latex/greek-fontenc/lgrenc.def
File: lgrenc.def 2020/10/13 2.0 LGR Greek font encoding definitions
Now handling font encoding LGR ...
... processing UTF-8 mapping file for font encoding LGR

(/usr/local/texlive/2022/texmf-dist/tex/latex/greek-inputenc/lgrenc.dfu
File: lgrenc.dfu 2019/07/11 1.7 UTF-8 support for Greek
   defining Unicode char U+00A8 (decimal 168)
   defining Unicode char U+00AB (decimal 171)
   defining Unicode char U+00AF (decimal 175)
   defining Unicode char U+00B4 (decimal 180)
   defining Unicode char U+00B7 (decimal 183)
   defining Unicode char U+00BB (decimal 187)
   defining Unicode char U+0259 (decimal 601)
   defining Unicode char U+02D8 (decimal 728)
   defining Unicode char U+0374 (decimal 884)
   defining Unicode char U+0375 (decimal 885)
   defining Unicode char U+037A (decimal 890)
   defining Unicode char U+037E (decimal 894)
   defining Unicode char U+0384 (decimal 900)
   defining Unicode char U+0385 (decimal 901)
   defining Unicode char U+0386 (decimal 902)
   defining Unicode char U+0387 (decimal 903)
   defining Unicode char U+0388 (decimal 904)
   defining Unicode char U+0389 (decimal 905)
   defining Unicode char U+038A (decimal 906)
   defining Unicode char U+038C (decimal 908)
   defining Unicode char U+038E (decimal 910)
   defining Unicode char U+038F (decimal 911)
   defining Unicode char U+0390 (decimal 912)
   defining Unicode char U+0391 (decimal 913)
   defining Unicode char U+0392 (decimal 914)
   defining Unicode char U+0393 (decimal 915)
   defining Unicode char U+0394 (decimal 916)
   defining Unicode char U+0395 (decimal 917)
   defining Unicode char U+0396 (decimal 918)
   defining Unicode char U+0397 (decimal 919)
   defining Unicode char U+0398 (decimal 920)
   defining Unicode char U+0399 (decimal 921)
   defining Unicode char U+039A (decimal 922)
   defining Unicode char U+039B (decimal 923)
   defining Unicode char U+039C (decimal 924)
   defining Unicode char U+039D (decimal 925)
   defining Unicode char U+039E (decimal 926)
   defining Unicode char U+039F (decimal 927)
   defining Unicode char U+03A0 (decimal 928)
   defining Unicode char U+03A1 (decimal 929)
   defining Unicode char U+03A3 (decimal 931)
   defining Unicode char U+03A4 (decimal 932)
   defining Unicode char U+03A5 (decimal 933)
   defining Unicode char U+03A6 (decimal 934)
   defining Unicode char U+03A7 (decimal 935)
   defining Unicode char U+03A8 (decimal 936)
   defining Unicode char U+03A9 (decimal 937)
   defining Unicode char U+03AA (decimal 938)
   defining Unicode char U+03AB (decimal 939)
   defining Unicode char U+03AC (decimal 940)
   defining Unicode char U+03AD (decimal 941)
   defining Unicode char U+03AE (decimal 942)
   defining Unicode char U+03AF (decimal 943)
   defining Unicode char U+03B0 (decimal 944)
   defining Unicode char U+03B1 (decimal 945)
   defining Unicode char U+03B2 (decimal 946)
   defining Unicode char U+03B3 (decimal 947)
   defining Unicode char U+03B4 (decimal 948)
   defining Unicode char U+03B5 (decimal 949)
   defining Unicode char U+03B6 (decimal 950)
   defining Unicode char U+03B7 (decimal 951)
   defining Unicode char U+03B8 (decimal 952)
   defining Unicode char U+03B9 (decimal 953)
   defining Unicode char U+03BA (decimal 954)
   defining Unicode char U+03BB (decimal 955)
   defining Unicode char U+03BC (decimal 956)
   defining Unicode char U+03BD (decimal 957)
   defining Unicode char U+03BE (decimal 958)
   defining Unicode char U+03BF (decimal 959)
   defining Unicode char U+03C0 (decimal 960)
   defining Unicode char U+03C1 (decimal 961)
   defining Unicode char U+03C2 (decimal 962)
   defining Unicode char U+03C3 (decimal 963)
   defining Unicode char U+03C4 (decimal 964)
   defining Unicode char U+03C5 (decimal 965)
   defining Unicode char U+03C6 (decimal 966)
   defining Unicode char U+03C7 (decimal 967)
   defining Unicode char U+03C8 (decimal 968)
   defining Unicode char U+03C9 (decimal 969)
   defining Unicode char U+03CA (decimal 970)
   defining Unicode char U+03CB (decimal 971)
   defining Unicode char U+03CC (decimal 972)
   defining Unicode char U+03CD (decimal 973)
   defining Unicode char U+03CE (decimal 974)
   defining Unicode char U+03D0 (decimal 976)
   defining Unicode char U+03D1 (decimal 977)
   defining Unicode char U+03D5 (decimal 981)
   defining Unicode char U+03D6 (decimal 982)
   defining Unicode char U+03D8 (decimal 984)
   defining Unicode char U+03D9 (decimal 985)
   defining Unicode char U+03DA (decimal 986)
   defining Unicode char U+03DB (decimal 987)
   defining Unicode char U+03DC (decimal 988)
   defining Unicode char U+03DD (decimal 989)
   defining Unicode char U+03DF (decimal 991)
   defining Unicode char U+03E0 (decimal 992)
   defining Unicode char U+03E1 (decimal 993)
   defining Unicode char U+03F0 (decimal 1008)
   defining Unicode char U+03F1 (decimal 1009)
   defining Unicode char U+03F4 (decimal 1012)
   defining Unicode char U+03F5 (decimal 1013)
   defining Unicode char U+1F00 (decimal 7936)
   defining Unicode char U+1F01 (decimal 7937)
   defining Unicode char U+1F02 (decimal 7938)
   defining Unicode char U+1F03 (decimal 7939)
   defining Unicode char U+1F04 (decimal 7940)
   defining Unicode char U+1F05 (decimal 7941)
   defining Unicode char U+1F06 (decimal 7942)
   defining Unicode char U+1F07 (decimal 7943)
   defining Unicode char U+1F08 (decimal 7944)
   defining Unicode char U+1F09 (decimal 7945)
   defining Unicode char U+1F0A (decimal 7946)
   defining Unicode char U+1F0B (decimal 7947)
   defining Unicode char U+1F0C (decimal 7948)
   defining Unicode char U+1F0D (decimal 7949)
   defining Unicode char U+1F0E (decimal 7950)
   defining Unicode char U+1F0F (decimal 7951)
   defining Unicode char U+1F10 (decimal 7952)
   defining Unicode char U+1F11 (decimal 7953)
   defining Unicode char U+1F12 (decimal 7954)
   defining Unicode char U+1F13 (decimal 7955)
   defining Unicode char U+1F14 (decimal 7956)
   defining Unicode char U+1F15 (decimal 7957)
   defining Unicode char U+1F18 (decimal 7960)
   defining Unicode char U+1F19 (decimal 7961)
   defining Unicode char U+1F1A (decimal 7962)
   defining Unicode char U+1F1B (decimal 7963)
   defining Unicode char U+1F1C (decimal 7964)
   defining Unicode char U+1F1D (decimal 7965)
   defining Unicode char U+1F20 (decimal 7968)
   defining Unicode char U+1F21 (decimal 7969)
   defining Unicode char U+1F22 (decimal 7970)
   defining Unicode char U+1F23 (decimal 7971)
   defining Unicode char U+1F24 (decimal 7972)
   defining Unicode char U+1F25 (decimal 7973)
   defining Unicode char U+1F26 (decimal 7974)
   defining Unicode char U+1F27 (decimal 7975)
   defining Unicode char U+1F28 (decimal 7976)
   defining Unicode char U+1F29 (decimal 7977)
   defining Unicode char U+1F2A (decimal 7978)
   defining Unicode char U+1F2B (decimal 7979)
   defining Unicode char U+1F2C (decimal 7980)
   defining Unicode char U+1F2D (decimal 7981)
   defining Unicode char U+1F2E (decimal 7982)
   defining Unicode char U+1F2F (decimal 7983)
   defining Unicode char U+1F30 (decimal 7984)
   defining Unicode char U+1F31 (decimal 7985)
   defining Unicode char U+1F32 (decimal 7986)
   defining Unicode char U+1F33 (decimal 7987)
   defining Unicode char U+1F34 (decimal 7988)
   defining Unicode char U+1F35 (decimal 7989)
   defining Unicode char U+1F36 (decimal 7990)
   defining Unicode char U+1F37 (decimal 7991)
   defining Unicode char U+1F38 (decimal 7992)
   defining Unicode char U+1F39 (decimal 7993)
   defining Unicode char U+1F3A (decimal 7994)
   defining Unicode char U+1F3B (decimal 7995)
   defining Unicode char U+1F3C (decimal 7996)
   defining Unicode char U+1F3D (decimal 7997)
   defining Unicode char U+1F3E (decimal 7998)
   defining Unicode char U+1F3F (decimal 7999)
   defining Unicode char U+1F40 (decimal 8000)
   defining Unicode char U+1F41 (decimal 8001)
   defining Unicode char U+1F42 (decimal 8002)
   defining Unicode char U+1F43 (decimal 8003)
   defining Unicode char U+1F44 (decimal 8004)
   defining Unicode char U+1F45 (decimal 8005)
   defining Unicode char U+1F48 (decimal 8008)
   defining Unicode char U+1F49 (decimal 8009)
   defining Unicode char U+1F4A (decimal 8010)
   defining Unicode char U+1F4B (decimal 8011)
   defining Unicode char U+1F4C (decimal 8012)
   defining Unicode char U+1F4D (decimal 8013)
   defining Unicode char U+1F50 (decimal 8016)
   defining Unicode char U+1F51 (decimal 8017)
   defining Unicode char U+1F52 (decimal 8018)
   defining Unicode char U+1F53 (decimal 8019)
   defining Unicode char U+1F54 (decimal 8020)
   defining Unicode char U+1F55 (decimal 8021)
   defining Unicode char U+1F56 (decimal 8022)
   defining Unicode char U+1F57 (decimal 8023)
   defining Unicode char U+1F59 (decimal 8025)
   defining Unicode char U+1F5B (decimal 8027)
   defining Unicode char U+1F5D (decimal 8029)
   defining Unicode char U+1F5F (decimal 8031)
   defining Unicode char U+1F60 (decimal 8032)
   defining Unicode char U+1F61 (decimal 8033)
   defining Unicode char U+1F62 (decimal 8034)
   defining Unicode char U+1F63 (decimal 8035)
   defining Unicode char U+1F64 (decimal 8036)
   defining Unicode char U+1F65 (decimal 8037)
   defining Unicode char U+1F66 (decimal 8038)
   defining Unicode char U+1F67 (decimal 8039)
   defining Unicode char U+1F68 (decimal 8040)
   defining Unicode char U+1F69 (decimal 8041)
   defining Unicode char U+1F6A (decimal 8042)
   defining Unicode char U+1F6B (decimal 8043)
   defining Unicode char U+1F6C (decimal 8044)
   defining Unicode char U+1F6D (decimal 8045)
   defining Unicode char U+1F6E (decimal 8046)
   defining Unicode char U+1F6F (decimal 8047)
   defining Unicode char U+1F70 (decimal 8048)
   defining Unicode char U+1F71 (decimal 8049)
   defining Unicode char U+1F72 (decimal 8050)
   defining Unicode char U+1F73 (decimal 8051)
   defining Unicode char U+1F74 (decimal 8052)
   defining Unicode char U+1F75 (decimal 8053)
   defining Unicode char U+1F76 (decimal 8054)
   defining Unicode char U+1F77 (decimal 8055)
   defining Unicode char U+1F78 (decimal 8056)
   defining Unicode char U+1F79 (decimal 8057)
   defining Unicode char U+1F7A (decimal 8058)
   defining Unicode char U+1F7B (decimal 8059)
   defining Unicode char U+1F7C (decimal 8060)
   defining Unicode char U+1F7D (decimal 8061)
   defining Unicode char U+1F80 (decimal 8064)
   defining Unicode char U+1F81 (decimal 8065)
   defining Unicode char U+1F82 (decimal 8066)
   defining Unicode char U+1F83 (decimal 8067)
   defining Unicode char U+1F84 (decimal 8068)
   defining Unicode char U+1F85 (decimal 8069)
   defining Unicode char U+1F86 (decimal 8070)
   defining Unicode char U+1F87 (decimal 8071)
   defining Unicode char U+1F88 (decimal 8072)
   defining Unicode char U+1F89 (decimal 8073)
   defining Unicode char U+1F8A (decimal 8074)
   defining Unicode char U+1F8B (decimal 8075)
   defining Unicode char U+1F8C (decimal 8076)
   defining Unicode char U+1F8D (decimal 8077)
   defining Unicode char U+1F8E (decimal 8078)
   defining Unicode char U+1F8F (decimal 8079)
   defining Unicode char U+1F90 (decimal 8080)
   defining Unicode char U+1F91 (decimal 8081)
   defining Unicode char U+1F92 (decimal 8082)
   defining Unicode char U+1F93 (decimal 8083)
   defining Unicode char U+1F94 (decimal 8084)
   defining Unicode char U+1F95 (decimal 8085)
   defining Unicode char U+1F96 (decimal 8086)
   defining Unicode char U+1F97 (decimal 8087)
   defining Unicode char U+1F98 (decimal 8088)
   defining Unicode char U+1F99 (decimal 8089)
   defining Unicode char U+1F9A (decimal 8090)
   defining Unicode char U+1F9B (decimal 8091)
   defining Unicode char U+1F9C (decimal 8092)
   defining Unicode char U+1F9D (decimal 8093)
   defining Unicode char U+1F9E (decimal 8094)
   defining Unicode char U+1F9F (decimal 8095)
   defining Unicode char U+1FA0 (decimal 8096)
   defining Unicode char U+1FA1 (decimal 8097)
   defining Unicode char U+1FA2 (decimal 8098)
   defining Unicode char U+1FA3 (decimal 8099)
   defining Unicode char U+1FA4 (decimal 8100)
   defining Unicode char U+1FA5 (decimal 8101)
   defining Unicode char U+1FA6 (decimal 8102)
   defining Unicode char U+1FA7 (decimal 8103)
   defining Unicode char U+1FA8 (decimal 8104)
   defining Unicode char U+1FA9 (decimal 8105)
   defining Unicode char U+1FAA (decimal 8106)
   defining Unicode char U+1FAB (decimal 8107)
   defining Unicode char U+1FAC (decimal 8108)
   defining Unicode char U+1FAD (decimal 8109)
   defining Unicode char U+1FAE (decimal 8110)
   defining Unicode char U+1FAF (decimal 8111)
   defining Unicode char U+1FB0 (decimal 8112)
   defining Unicode char U+1FB1 (decimal 8113)
   defining Unicode char U+1FB2 (decimal 8114)
   defining Unicode char U+1FB3 (decimal 8115)
   defining Unicode char U+1FB4 (decimal 8116)
   defining Unicode char U+1FB6 (decimal 8118)
   defining Unicode char U+1FB7 (decimal 8119)
   defining Unicode char U+1FB8 (decimal 8120)
   defining Unicode char U+1FB9 (decimal 8121)
   defining Unicode char U+1FBA (decimal 8122)
   defining Unicode char U+1FBB (decimal 8123)
   defining Unicode char U+1FBC (decimal 8124)
   defining Unicode char U+1FBD (decimal 8125)
   defining Unicode char U+1FBE (decimal 8126)
   defining Unicode char U+1FBF (decimal 8127)
   defining Unicode char U+1FC0 (decimal 8128)
   defining Unicode char U+1FC1 (decimal 8129)
   defining Unicode char U+1FC2 (decimal 8130)
   defining Unicode char U+1FC3 (decimal 8131)
   defining Unicode char U+1FC4 (decimal 8132)
   defining Unicode char U+1FC6 (decimal 8134)
   defining Unicode char U+1FC7 (decimal 8135)
   defining Unicode char U+1FC8 (decimal 8136)
   defining Unicode char U+1FC9 (decimal 8137)
   defining Unicode char U+1FCA (decimal 8138)
   defining Unicode char U+1FCB (decimal 8139)
   defining Unicode char U+1FCC (decimal 8140)
   defining Unicode char U+1FCD (decimal 8141)
   defining Unicode char U+1FCE (decimal 8142)
   defining Unicode char U+1FCF (decimal 8143)
   defining Unicode char U+1FD0 (decimal 8144)
   defining Unicode char U+1FD1 (decimal 8145)
   defining Unicode char U+1FD2 (decimal 8146)
   defining Unicode char U+1FD3 (decimal 8147)
   defining Unicode char U+1FD6 (decimal 8150)
   defining Unicode char U+1FD7 (decimal 8151)
   defining Unicode char U+1FD8 (decimal 8152)
   defining Unicode char U+1FD9 (decimal 8153)
   defining Unicode char U+1FDA (decimal 8154)
   defining Unicode char U+1FDB (decimal 8155)
   defining Unicode char U+1FDD (decimal 8157)
   defining Unicode char U+1FDE (decimal 8158)
   defining Unicode char U+1FDF (decimal 8159)
   defining Unicode char U+1FE0 (decimal 8160)
   defining Unicode char U+1FE1 (decimal 8161)
   defining Unicode char U+1FE2 (decimal 8162)
   defining Unicode char U+1FE3 (decimal 8163)
   defining Unicode char U+1FE4 (decimal 8164)
   defining Unicode char U+1FE5 (decimal 8165)
   defining Unicode char U+1FE6 (decimal 8166)
   defining Unicode char U+1FE7 (decimal 8167)
   defining Unicode char U+1FE8 (decimal 8168)
   defining Unicode char U+1FE9 (decimal 8169)
   defining Unicode char U+1FEA (decimal 8170)
   defining Unicode char U+1FEB (decimal 8171)
   defining Unicode char U+1FEC (decimal 8172)
   defining Unicode char U+1FED (decimal 8173)
   defining Unicode char U+1FEE (decimal 8174)
   defining Unicode char U+1FEF (decimal 8175)
   defining Unicode char U+1FF2 (decimal 8178)
   defining Unicode char U+1FF3 (decimal 8179)
   defining Unicode char U+1FF4 (decimal 8180)
   defining Unicode char U+1FF6 (decimal 8182)
   defining Unicode char U+1FF7 (decimal 8183)
   defining Unicode char U+1FF8 (decimal 8184)
   defining Unicode char U+1FF9 (decimal 8185)
   defining Unicode char U+1FFA (decimal 8186)
   defining Unicode char U+1FFB (decimal 8187)
   defining Unicode char U+1FFC (decimal 8188)
   defining Unicode char U+1FFD (decimal 8189)
   defining Unicode char U+1FFE (decimal 8190)
   defining Unicode char U+2013 (decimal 8211)
   defining Unicode char U+2014 (decimal 8212)
   defining Unicode char U+2018 (decimal 8216)
   defining Unicode char U+2019 (decimal 8217)
   defining Unicode char U+201A (decimal 8218)
   defining Unicode char U+2030 (decimal 8240)
   defining Unicode char U+2039 (decimal 8249)
   defining Unicode char U+203A (decimal 8250)
   defining Unicode char U+20AC (decimal 8364)
   defining Unicode char U+2126 (decimal 8486)
   defining Unicode char U+10144 (decimal 65860)
   defining Unicode char U+10145 (decimal 65861)
   defining Unicode char U+10146 (decimal 65862)
   defining Unicode char U+10147 (decimal 65863)
)
(/usr/local/texlive/2022/texmf-dist/tex/latex/greek-fontenc/greek-fontenc.def
File: greek-fontenc.def 2020/10/30 2.0 Common Greek font encoding definitions
))) (/usr/local/texlive/2022/texmf-dist/tex/latex/graphics/color.sty
Package: color 2021/12/07 v1.3c Standard LaTeX Color (DPC)

(/usr/local/texlive/2022/texmf-dist/tex/latex/graphics-cfg/color.cfg
File: color.cfg 2016/01/02 v1.6 sample color configuration
)
Package color Info: Driver file: pdftex.def on input line 149.

(/usr/local/texlive/2022/texmf-dist/tex/latex/graphics-def/pdftex.def
File: pdftex.def 2020/10/05 v1.2a Graphics/color driver for pdftex
))
(/usr/local/texlive/2022/texmf-dist/tex/generic/babel/babel.sty
Package: babel 2022/05/22 3.75 The Babel package
\babel@savecnt=\count193
\U@D=\dimen139
\l@unhyphenated=\language87

(/usr/local/texlive/2022/texmf-dist/tex/generic/babel/txtbabel.def)
\bbl@readstream=\read2
\bbl@dirlevel=\count194

(/usr/local/texlive/2022/texmf-dist/tex/generic/babel-english/english.ldf
Language: english 2017/06/06 v3.3r English support from the babel system
Package babel Info: Hyphen rules for 'canadian' set to \l@english
(babel)             (\language0). Reported on input line 102.
Package babel Info: Hyphen rules for 'australian' set to \l@ukenglish
(babel)             (\language21). Reported on input line 105.
Package babel Info: Hyphen rules for 'newzealand' set to \l@ukenglish
(babel)             (\language21). Reported on input line 108.
)
(/usr/local/texlive/2022/texmf-dist/tex/generic/babel-english/british.ldf
Language: british 2017/06/06 v3.3r English support from the babel system

(/usr/local/texlive/2022/texmf-dist/tex/generic/babel-english/english.ldf
Language: english 2017/06/06 v3.3r English support from the babel system
))
(/usr/local/texlive/2022/texmf-dist/tex/generic/babel-english/UKenglish.ldf
Language: UKenglish 2017/06/06 v3.3r English support from the babel system

(/usr/local/texlive/2022/texmf-dist/tex/generic/babel-english/english.ldf
Language: english 2017/06/06 v3.3r English support from the babel system
)))
(/usr/local/texlive/2022/texmf-dist/tex/generic/babel/locale/en/babel-ukenglish
.tex
(/usr/local/texlive/2022/texmf-dist/tex/generic/babel/locale/en/babel-english-u
nitedkingdom.tex
Package babel Info: Importing font and identification data for UKenglish
(babel)             from babel-en-GB.ini. Reported on input line 11.
))
(/usr/local/texlive/2022/texmf-dist/tex/generic/babel/locale/en/babel-british.t
ex
(/usr/local/texlive/2022/texmf-dist/tex/generic/babel/locale/en/babel-english-u
nitedkingdom.tex
Package babel Info: Importing font and identification data for british
(babel)             from babel-en-GB.ini. Reported on input line 11.
))
(/usr/local/texlive/2022/texmf-dist/tex/generic/babel/locale/en/babel-english.t
ex
Package babel Info: Importing font and identification data for english
(babel)             from babel-en.ini. Reported on input line 11.
)

Package Babel Warning: The package option `english' should not be used
(Babel)                with a more specific one (like `UKenglish') on input lin
e 8.

(/usr/local/texlive/2022/texmf-dist/tex/latex/float/float.sty
Package: float 2001/11/08 v1.3d Float enhancements (AL)
\c@float@type=\count195
\float@exts=\toks16
\float@box=\box50
\@float@everytoks=\toks17
\@floatcapt=\box51
)
(/usr/local/texlive/2022/texmf-dist/tex/latex/tools/calc.sty
Package: calc 2017/05/25 v4.3 Infix arithmetic (KKT,FJ)
\calc@Acount=\count196
\calc@Bcount=\count197
\calc@Adimen=\dimen140
\calc@Bdimen=\dimen141
\calc@Askip=\skip49
\calc@Bskip=\skip50
LaTeX Info: Redefining \setlength on input line 80.
LaTeX Info: Redefining \addtolength on input line 81.
\calc@Ccount=\count198
\calc@Cskip=\skip51
)
(/usr/local/texlive/2022/texmf-dist/tex/latex/base/textcomp.sty
Package: textcomp 2020/02/02 v2.0n Standard LaTeX package
)
(/usr/local/texlive/2022/texmf-dist/tex/latex/url/url.sty
\Urlmuskip=\muskip16
Package: url 2013/09/16  ver 3.4  Verb mode for urls, etc.
)
(/usr/local/texlive/2022/texmf-dist/tex/latex/amsmath/amsmath.sty
Package: amsmath 2021/10/15 v2.17l AMS math features
\@mathmargin=\skip52

For additional information on amsmath, use the `?' option.
(/usr/local/texlive/2022/texmf-dist/tex/latex/amsmath/amstext.sty
Package: amstext 2021/08/26 v2.01 AMS text

(/usr/local/texlive/2022/texmf-dist/tex/latex/amsmath/amsgen.sty
File: amsgen.sty 1999/11/30 v2.0 generic functions
\@emptytoks=\toks18
\ex@=\dimen142
))
(/usr/local/texlive/2022/texmf-dist/tex/latex/amsmath/amsbsy.sty
Package: amsbsy 1999/11/29 v1.2d Bold Symbols
\pmbraise@=\dimen143
)
(/usr/local/texlive/2022/texmf-dist/tex/latex/amsmath/amsopn.sty
Package: amsopn 2021/08/26 v2.02 operator names
)
\inf@bad=\count199
LaTeX Info: Redefining \frac on input line 234.
\uproot@=\count266
\leftroot@=\count267
LaTeX Info: Redefining \overline on input line 399.
\classnum@=\count268
\DOTSCASE@=\count269
LaTeX Info: Redefining \ldots on input line 496.
LaTeX Info: Redefining \dots on input line 499.
LaTeX Info: Redefining \cdots on input line 620.
\Mathstrutbox@=\box52
\strutbox@=\box53
\big@size=\dimen144
LaTeX Font Info:    Redeclaring font encoding OML on input line 743.
LaTeX Font Info:    Redeclaring font encoding OMS on input line 744.
\macc@depth=\count270
\c@MaxMatrixCols=\count271
\dotsspace@=\muskip17
\c@parentequation=\count272
\dspbrk@lvl=\count273
\tag@help=\toks19
\row@=\count274
\column@=\count275
\maxfields@=\count276
\andhelp@=\toks20
\eqnshift@=\dimen145
\alignsep@=\dimen146
\tagshift@=\dimen147
\tagwidth@=\dimen148
\totwidth@=\dimen149
\lineht@=\dimen150
\@envbody=\toks21
\multlinegap=\skip53
\multlinetaggap=\skip54
\mathdisplay@stack=\toks22
LaTeX Info: Redefining \[ on input line 2938.
LaTeX Info: Redefining \] on input line 2939.
)
(/usr/local/texlive/2022/texmf-dist/tex/latex/amscls/amsthm.sty
Package: amsthm 2020/05/29 v2.20.6
\thm@style=\toks23
\thm@bodyfont=\toks24
\thm@headfont=\toks25
\thm@notefont=\toks26
\thm@headpunct=\toks27
\thm@preskip=\skip55
\thm@postskip=\skip56
\thm@headsep=\skip57
\dth@everypar=\toks28
)
(/usr/local/texlive/2022/texmf-dist/tex/latex/amsfonts/amssymb.sty
Package: amssymb 2013/01/14 v3.01 AMS font symbols

(/usr/local/texlive/2022/texmf-dist/tex/latex/amsfonts/amsfonts.sty
Package: amsfonts 2013/01/14 v3.01 Basic AMSFonts support
\symAMSa=\mathgroup4
\symAMSb=\mathgroup5
LaTeX Font Info:    Redeclaring math symbol \hbar on input line 98.
LaTeX Font Info:    Overwriting math alphabet `\mathfrak' in version `bold'
(Font)                  U/euf/m/n --> U/euf/b/n on input line 106.
))
(/usr/local/texlive/2022/texmf-dist/tex/latex/graphics/graphicx.sty
Package: graphicx 2021/09/16 v1.2d Enhanced LaTeX Graphics (DPC,SPQR)

(/usr/local/texlive/2022/texmf-dist/tex/latex/graphics/keyval.sty
Package: keyval 2014/10/28 v1.15 key=value parser (DPC)
\KV@toks@=\toks29
)
(/usr/local/texlive/2022/texmf-dist/tex/latex/graphics/graphics.sty
Package: graphics 2021/03/04 v1.4d Standard LaTeX Graphics (DPC,SPQR)

(/usr/local/texlive/2022/texmf-dist/tex/latex/graphics/trig.sty
Package: trig 2021/08/11 v1.11 sin cos tan (DPC)
)
(/usr/local/texlive/2022/texmf-dist/tex/latex/graphics-cfg/graphics.cfg
File: graphics.cfg 2016/06/04 v1.11 sample graphics configuration
)
Package graphics Info: Driver file: pdftex.def on input line 107.
)
\Gin@req@height=\dimen151
\Gin@req@width=\dimen152
)
(/usr/local/texlive/2022/texmf-dist/tex/latex/esint/esint.sty
Package: esint 
\symlargesymbolsA=\mathgroup6
)
(/usr/local/texlive/2022/texmf-dist/tex/latex/hyperref/hyperref.sty
Package: hyperref 2022-05-17 v7.00q Hypertext links for LaTeX

(/usr/local/texlive/2022/texmf-dist/tex/generic/ltxcmds/ltxcmds.sty
Package: ltxcmds 2020-05-10 v1.25 LaTeX kernel commands for general use (HO)
)
(/usr/local/texlive/2022/texmf-dist/tex/generic/iftex/iftex.sty
Package: iftex 2022/02/03 v1.0f TeX engine tests
)
(/usr/local/texlive/2022/texmf-dist/tex/generic/pdftexcmds/pdftexcmds.sty
Package: pdftexcmds 2020-06-27 v0.33 Utility functions of pdfTeX for LuaTeX (HO
)

(/usr/local/texlive/2022/texmf-dist/tex/generic/infwarerr/infwarerr.sty
Package: infwarerr 2019/12/03 v1.5 Providing info/warning/error messages (HO)
)
Package pdftexcmds Info: \pdf@primitive is available.
Package pdftexcmds Info: \pdf@ifprimitive is available.
Package pdftexcmds Info: \pdfdraftmode found.
)
(/usr/local/texlive/2022/texmf-dist/tex/generic/kvsetkeys/kvsetkeys.sty
Package: kvsetkeys 2019/12/15 v1.18 Key value parser (HO)
)
(/usr/local/texlive/2022/texmf-dist/tex/generic/kvdefinekeys/kvdefinekeys.sty
Package: kvdefinekeys 2019-12-19 v1.6 Define keys (HO)
)
(/usr/local/texlive/2022/texmf-dist/tex/generic/pdfescape/pdfescape.sty
Package: pdfescape 2019/12/09 v1.15 Implements pdfTeX's escape features (HO)
)
(/usr/local/texlive/2022/texmf-dist/tex/latex/hycolor/hycolor.sty
Package: hycolor 2020-01-27 v1.10 Color options for hyperref/bookmark (HO)
)
(/usr/local/texlive/2022/texmf-dist/tex/latex/letltxmacro/letltxmacro.sty
Package: letltxmacro 2019/12/03 v1.6 Let assignment for LaTeX macros (HO)
)
(/usr/local/texlive/2022/texmf-dist/tex/latex/auxhook/auxhook.sty
Package: auxhook 2019-12-17 v1.6 Hooks for auxiliary files (HO)
)
(/usr/local/texlive/2022/texmf-dist/tex/latex/hyperref/nameref.sty
Package: nameref 2022-05-17 v2.50 Cross-referencing by name of section

(/usr/local/texlive/2022/texmf-dist/tex/latex/refcount/refcount.sty
Package: refcount 2019/12/15 v3.6 Data extraction from label references (HO)
)
(/usr/local/texlive/2022/texmf-dist/tex/generic/gettitlestring/gettitlestring.s
ty
Package: gettitlestring 2019/12/15 v1.6 Cleanup title references (HO)
 (/usr/local/texlive/2022/texmf-dist/tex/latex/kvoptions/kvoptions.sty
Package: kvoptions 2020-10-07 v3.14 Key value format for package options (HO)
))
\c@section@level=\count277
)
\@linkdim=\dimen153
\Hy@linkcounter=\count278
\Hy@pagecounter=\count279

(/usr/local/texlive/2022/texmf-dist/tex/latex/hyperref/pd1enc.def
File: pd1enc.def 2022-05-17 v7.00q Hyperref: PDFDocEncoding definition (HO)
Now handling font encoding PD1 ...
... no UTF-8 mapping file for font encoding PD1
)
(/usr/local/texlive/2022/texmf-dist/tex/generic/intcalc/intcalc.sty
Package: intcalc 2019/12/15 v1.3 Expandable calculations with integers (HO)
)
(/usr/local/texlive/2022/texmf-dist/tex/generic/etexcmds/etexcmds.sty
Package: etexcmds 2019/12/15 v1.7 Avoid name clashes with e-TeX commands (HO)
)
\Hy@SavedSpaceFactor=\count280

(/usr/local/texlive/2022/texmf-dist/tex/latex/hyperref/puenc.def
File: puenc.def 2022-05-17 v7.00q Hyperref: PDF Unicode definition (HO)
Now handling font encoding PU ...
... no UTF-8 mapping file for font encoding PU

(/usr/local/texlive/2022/texmf-dist/tex/latex/hyperref/puenc-greekbasic.def
File: puenc-greekbasic.def 2022-05-17 v7.00q Hyperref: PDF Unicode definition (
greek block) (HO)
))
Package hyperref Info: Option `unicode' set `true' on input line 4020.
Package hyperref Info: Hyper figures OFF on input line 4139.
Package hyperref Info: Link nesting OFF on input line 4144.
Package hyperref Info: Hyper index ON on input line 4147.
Package hyperref Info: Plain pages OFF on input line 4154.
Package hyperref Info: Backreferencing OFF on input line 4159.
Package hyperref Info: Implicit mode ON; LaTeX internals redefined.
Package hyperref Info: Bookmarks ON on input line 4385.
\c@Hy@tempcnt=\count281
LaTeX Info: Redefining \url on input line 4723.
\XeTeXLinkMargin=\dimen154

(/usr/local/texlive/2022/texmf-dist/tex/generic/bitset/bitset.sty
Package: bitset 2019/12/09 v1.3 Handle bit-vector datatype (HO)

(/usr/local/texlive/2022/texmf-dist/tex/generic/bigintcalc/bigintcalc.sty
Package: bigintcalc 2019/12/15 v1.5 Expandable calculations on big integers (HO
)
))
\Fld@menulength=\count282
\Field@Width=\dimen155
\Fld@charsize=\dimen156
Package hyperref Info: Hyper figures OFF on input line 6001.
Package hyperref Info: Link nesting OFF on input line 6006.
Package hyperref Info: Hyper index ON on input line 6009.
Package hyperref Info: backreferencing OFF on input line 6016.
Package hyperref Info: Link coloring OFF on input line 6021.
Package hyperref Info: Link coloring with OCG OFF on input line 6026.
Package hyperref Info: PDF/A mode OFF on input line 6031.
LaTeX Info: Redefining \ref on input line 6078.
LaTeX Info: Redefining \pageref on input line 6078.

(/usr/local/texlive/2022/texmf-dist/tex/latex/base/atbegshi-ltx.sty
Package: atbegshi-ltx 2021/01/10 v1.0c Emulation of the original atbegshi
package with kernel methods
)
\Hy@abspage=\count283
\c@Item=\count284
\c@Hfootnote=\count285
)
Package hyperref Info: Driver (autodetected): hpdftex.

(/usr/local/texlive/2022/texmf-dist/tex/latex/hyperref/hpdftex.def
File: hpdftex.def 2022-05-17 v7.00q Hyperref driver for pdfTeX

(/usr/local/texlive/2022/texmf-dist/tex/latex/base/atveryend-ltx.sty
Package: atveryend-ltx 2020/08/19 v1.0a Emulation of the original atveryend pac
kage
with kernel methods
)
\Fld@listcount=\count286
\c@bookmark@seq@number=\count287

(/usr/local/texlive/2022/texmf-dist/tex/latex/rerunfilecheck/rerunfilecheck.sty
Package: rerunfilecheck 2019/12/05 v1.9 Rerun checks for auxiliary files (HO)

(/usr/local/texlive/2022/texmf-dist/tex/generic/uniquecounter/uniquecounter.sty
Package: uniquecounter 2019/12/15 v1.4 Provide unlimited unique counter (HO)
)
Package uniquecounter Info: New unique counter `rerunfilecheck' on input line 2
86.
)
\Hy@SectionHShift=\skip58
) (/usr/local/texlive/2022/texmf-dist/tex/latex/newtx/newtxmath.sty
Package: newtxmath 2022/01/16 v1.71

`newtxmath' v1.71, 2022/01/16 Math macros based originally on txfonts (msharpe)
(/usr/local/texlive/2022/texmf-dist/tex/latex/base/ifthen.sty
Package: ifthen 2020/11/24 v1.1c Standard LaTeX ifthen package (DPC)
)
(/usr/local/texlive/2022/texmf-dist/tex/latex/etoolbox/etoolbox.sty
Package: etoolbox 2020/10/05 v2.5k e-TeX tools for LaTeX (JAW)
\etb@tempcnta=\count288
)
(/usr/local/texlive/2022/texmf-dist/tex/generic/iftex/ifxetex.sty
Package: ifxetex 2019/10/25 v0.7 ifxetex legacy package. Use iftex instead.
)
(/usr/local/texlive/2022/texmf-dist/tex/generic/iftex/ifluatex.sty
Package: ifluatex 2019/10/25 v1.5 ifluatex legacy package. Use iftex instead.
)
(/usr/local/texlive/2022/texmf-dist/tex/latex/xkeyval/xkeyval.sty
Package: xkeyval 2020/11/20 v2.8 package option processing (HA)

(/usr/local/texlive/2022/texmf-dist/tex/generic/xkeyval/xkeyval.tex
(/usr/local/texlive/2022/texmf-dist/tex/generic/xkeyval/xkvutils.tex
\XKV@toks=\toks30
\XKV@tempa@toks=\toks31
)
\XKV@depth=\count289
File: xkeyval.tex 2014/12/03 v2.7a key=value parser (HA)
))
(/usr/local/texlive/2022/texmf-dist/tex/latex/oberdiek/centernot.sty
Package: centernot 2016/05/16 v1.4 Centers the not symbol horizontally (HO)
)
\tx@cntz=\count290

(/usr/local/texlive/2022/texmf-dist/tex/generic/kastrup/binhex.tex)
\tx@Isdigit=\count291
\tx@IsAlNum=\count292
\tx@tA=\toks32
\tx@tB=\toks33
\tx@su=\read3

amsthm NOT loaded
LaTeX Font Info:    Redeclaring symbol font `operators' on input line 376.
LaTeX Font Info:    Overwriting symbol font `operators' in version `normal'
(Font)                  OT1/cmr/m/n --> OT1/cmr/m/n on input line 376.
LaTeX Font Info:    Overwriting symbol font `operators' in version `bold'
(Font)                  OT1/cmr/bx/n --> OT1/cmr/m/n on input line 376.
LaTeX Font Info:    Overwriting symbol font `operators' in version `bold'
(Font)                  OT1/cmr/m/n --> OT1/cmr/b/n on input line 377.
LaTeX Font Info:    Redeclaring math alphabet \mathsf on input line 383.
LaTeX Font Info:    Overwriting math alphabet `\mathsf' in version `normal'
(Font)                  OT1/cmss/m/n --> T1/cmss/m/n on input line 383.
LaTeX Font Info:    Overwriting math alphabet `\mathsf' in version `bold'
(Font)                  OT1/cmss/bx/n --> T1/cmss/m/n on input line 383.
LaTeX Font Info:    Redeclaring math alphabet \mathit on input line 384.
LaTeX Font Info:    Overwriting math alphabet `\mathit' in version `normal'
(Font)                  OT1/cmr/m/it --> OT1/cmr/m/it on input line 384.
LaTeX Font Info:    Overwriting math alphabet `\mathit' in version `bold'
(Font)                  OT1/cmr/bx/it --> OT1/cmr/m/it on input line 384.
LaTeX Font Info:    Redeclaring math alphabet \mathtt on input line 385.
LaTeX Font Info:    Overwriting math alphabet `\mathtt' in version `normal'
(Font)                  OT1/cmtt/m/n --> T1/cmtt/m/n on input line 385.
LaTeX Font Info:    Overwriting math alphabet `\mathtt' in version `bold'
(Font)                  OT1/cmtt/m/n --> T1/cmtt/m/n on input line 385.
LaTeX Font Info:    Redeclaring math alphabet \mathbf on input line 387.
LaTeX Font Info:    Overwriting math alphabet `\mathbf' in version `normal'
(Font)                  OT1/cmr/bx/n --> OT1/cmr/b/n on input line 387.
LaTeX Font Info:    Overwriting math alphabet `\mathbf' in version `bold'
(Font)                  OT1/cmr/bx/n --> OT1/cmr/b/n on input line 387.
LaTeX Font Info:    Overwriting math alphabet `\mathit' in version `bold'
(Font)                  OT1/cmr/m/it --> OT1/cmr/b/it on input line 388.
LaTeX Font Info:    Overwriting math alphabet `\mathsf' in version `bold'
(Font)                  T1/cmss/m/n --> T1/cmss/b/n on input line 389.
LaTeX Font Info:    Overwriting math alphabet `\mathtt' in version `bold'
(Font)                  T1/cmtt/m/n --> T1/cmtt/b/n on input line 390.
LaTeX Font Info:    Redeclaring symbol font `letters' on input line 491.
LaTeX Font Info:    Overwriting symbol font `letters' in version `normal'
(Font)                  OML/cmm/m/it --> OML/ntxmi/m/it on input line 491.
LaTeX Font Info:    Overwriting symbol font `letters' in version `bold'
(Font)                  OML/cmm/b/it --> OML/ntxmi/m/it on input line 491.
LaTeX Font Info:    Overwriting symbol font `letters' in version `bold'
(Font)                  OML/ntxmi/m/it --> OML/ntxmi/b/it on input line 492.
\symlettersA=\mathgroup7
LaTeX Font Info:    Overwriting symbol font `lettersA' in version `bold'
(Font)                  U/ntxmia/m/it --> U/ntxmia/b/it on input line 547.
LaTeX Font Info:    Redeclaring math alphabet \mathfrak on input line 549.
Now handling font encoding LMS ...
... no UTF-8 mapping file for font encoding LMS
LaTeX Font Info:    Redeclaring symbol font `symbols' on input line 568.
LaTeX Font Info:    Encoding `OMS' has changed to `LMS' for symbol font
(Font)              `symbols' in the math version `normal' on input line 568.
LaTeX Font Info:    Overwriting symbol font `symbols' in version `normal'
(Font)                  OMS/cmsy/m/n --> LMS/ntxsy/m/n on input line 568.
LaTeX Font Info:    Encoding `OMS' has changed to `LMS' for symbol font
(Font)              `symbols' in the math version `bold' on input line 568.
LaTeX Font Info:    Overwriting symbol font `symbols' in version `bold'
(Font)                  OMS/cmsy/b/n --> LMS/ntxsy/m/n on input line 568.
LaTeX Font Info:    Overwriting symbol font `symbols' in version `bold'
(Font)                  LMS/ntxsy/m/n --> LMS/ntxsy/b/n on input line 569.
\symAMSm=\mathgroup8
LaTeX Font Info:    Overwriting symbol font `AMSm' in version `bold'
(Font)                  U/ntxsym/m/n --> U/ntxsym/b/n on input line 594.
\symsymbolsC=\mathgroup9
LaTeX Font Info:    Overwriting symbol font `symbolsC' in version `bold'
(Font)                  U/ntxsyc/m/n --> U/ntxsyc/b/n on input line 615.
Now handling font encoding LMX ...
... no UTF-8 mapping file for font encoding LMX
LaTeX Font Info:    Redeclaring symbol font `largesymbols' on input line 628.
LaTeX Font Info:    Encoding `OMX' has changed to `LMX' for symbol font
(Font)              `largesymbols' in the math version `normal' on input line 6
28.
LaTeX Font Info:    Overwriting symbol font `largesymbols' in version `normal'
(Font)                  OMX/cmex/m/n --> LMX/ntxexx/m/n on input line 628.
LaTeX Font Info:    Encoding `OMX' has changed to `LMX' for symbol font
(Font)              `largesymbols' in the math version `bold' on input line 628
.
LaTeX Font Info:    Overwriting symbol font `largesymbols' in version `bold'
(Font)                  OMX/cmex/m/n --> LMX/ntxexx/m/n on input line 628.
LaTeX Font Info:    Overwriting symbol font `largesymbols' in version `bold'
(Font)                  LMX/ntxexx/m/n --> LMX/ntxexx/b/n on input line 629.
\symlargesymbolsTXA=\mathgroup10
LaTeX Font Info:    Overwriting symbol font `largesymbolsTXA' in version `bold'

(Font)                  U/ntxexa/m/n --> U/ntxexa/b/n on input line 643.
\tx@sbptoks=\toks34
LaTeX Font Info:    Redeclaring math delimiter \lfloor on input line 866.
LaTeX Font Info:    Redeclaring math delimiter \rfloor on input line 867.
LaTeX Font Info:    Redeclaring math delimiter \lceil on input line 868.
LaTeX Font Info:    Redeclaring math delimiter \rceil on input line 869.
LaTeX Font Info:    Redeclaring math delimiter \lbrace on input line 870.
LaTeX Font Info:    Redeclaring math delimiter \rbrace on input line 871.
LaTeX Font Info:    Redeclaring math delimiter \langle on input line 872.
LaTeX Font Info:    Redeclaring math delimiter \rangle on input line 874.
LaTeX Font Info:    Redeclaring math delimiter \arrowvert on input line 878.
LaTeX Font Info:    Redeclaring math delimiter \vert on input line 879.
LaTeX Font Info:    Redeclaring math accent \dot on input line 950.
LaTeX Font Info:    Redeclaring math accent \ddot on input line 951.
LaTeX Font Info:    Redeclaring math accent \vec on input line 2020.
LaTeX Info: Redefining \Bbbk on input line 2810.
LaTeX Info: Redefining \not on input line 2959.
LaTeX Info: Redefining \textsquare on input line 2989.
LaTeX Info: Redefining \openbox on input line 2991.
)
(/usr/local/texlive/2022/texmf-dist/tex/latex/ebgaramond-maths/ebgaramond-maths
.sty
Package: ebgaramond-maths 2019/09/24 v1.2 ebgaramond-maths for use with EBGaram
ond
 (/usr/local/texlive/2022/texmf-dist/tex/latex/ebgaramond/ebgaramond.sty
Package: ebgaramond 2020/04/12 (Bob Tennent and autoinst) Style file for EB Gar
amond fonts.

(/usr/local/texlive/2022/texmf-dist/tex/latex/base/fontenc.sty
Package: fontenc 2021/04/29 v2.0v Standard LaTeX package
)
(/usr/local/texlive/2022/texmf-dist/tex/latex/fontaxes/fontaxes.sty
Package: fontaxes 2020/07/21 v1.0e Font selection axes
LaTeX Info: Redefining \upshape on input line 29.
LaTeX Info: Redefining \itshape on input line 31.
LaTeX Info: Redefining \slshape on input line 33.
LaTeX Info: Redefining \swshape on input line 35.
LaTeX Info: Redefining \scshape on input line 37.
LaTeX Info: Redefining \sscshape on input line 39.
LaTeX Info: Redefining \ulcshape on input line 41.
LaTeX Info: Redefining \textsw on input line 47.
LaTeX Info: Redefining \textssc on input line 48.
LaTeX Info: Redefining \textulc on input line 49.
)
LaTeX Info: Redefining \oldstylenums on input line 179.
LaTeX Info: Redefining \textin on input line 181.
LaTeX Info: Redefining \textsw on input line 187.
)
LaTeX Font Info:    Redeclaring symbol font `letters' on input line 24.
LaTeX Font Info:    Overwriting symbol font `letters' in version `normal'
(Font)                  OML/ntxmi/m/it --> OML/EBGaramond-Maths/m/it on input l
ine 24.
LaTeX Font Info:    Overwriting symbol font `letters' in version `bold'
(Font)                  OML/ntxmi/b/it --> OML/EBGaramond-Maths/m/it on input l
ine 24.
LaTeX Font Info:    Redeclaring symbol font `operators' on input line 25.
LaTeX Font Info:    Overwriting symbol font `operators' in version `normal'
(Font)                  OT1/cmr/m/n --> OT1/EBGaramond-LF/m/n on input line 25.

LaTeX Font Info:    Overwriting symbol font `operators' in version `bold'
(Font)                  OT1/cmr/b/n --> OT1/EBGaramond-LF/m/n on input line 25.

LaTeX Font Info:    Overwriting symbol font `letters' in version `bold'
(Font)                  OML/EBGaramond-Maths/m/it --> OML/EBGaramond-Maths/b/it
 on input line 27.
LaTeX Font Info:    Overwriting symbol font `operators' in version `bold'
(Font)                  OT1/EBGaramond-LF/m/n --> OT1/EBGaramond-LF/bx/n on inp
ut line 28.
LaTeX Font Info:    Overwriting math alphabet `\mathbf' in version `normal'
(Font)                  OT1/cmr/b/n --> OT1/EBGaramond-LF/bx/n on input line 33
.
LaTeX Font Info:    Overwriting math alphabet `\mathbf' in version `bold'
(Font)                  OT1/cmr/b/n --> OT1/EBGaramond-LF/bx/n on input line 34
.
LaTeX Font Info:    Overwriting math alphabet `\mathit' in version `normal'
(Font)                  OT1/cmr/m/it --> OT1/EBGaramond-LF/m/it on input line 3
5.
LaTeX Font Info:    Overwriting math alphabet `\mathit' in version `bold'
(Font)                  OT1/cmr/b/it --> OT1/EBGaramond-LF/bx/it on input line 
36.
LaTeX Font Info:    Redeclaring math alphabet \mathcal on input line 38.
)
(/usr/local/texlive/2022/texmf-dist/tex/latex/base/fontenc.sty
Package: fontenc 2021/04/29 v2.0v Standard LaTeX package
LaTeX Font Info:    Trying to load font information for T1+EBGaramond-OsF on in
put line 112.

(/usr/local/texlive/2022/texmf-dist/tex/latex/ebgaramond/T1EBGaramond-OsF.fd
File: T1EBGaramond-OsF.fd 2019/10/22 (autoinst) Font definitions for T1/EBGaram
ond-OsF.
)
LaTeX Font Info:    Font shape `T1/EBGaramond-OsF/m/n' in size <10> not availab
le
(Font)              Font shape `T1/EBGaramond-OsF/regular/n' tried instead on i
nput line 112.
LaTeX Font Info:    Font shape `T1/EBGaramond-OsF/regular/n' will be
(Font)              scaled to size 10.0pt on input line 112.
)
(/usr/local/texlive/2022/texmf-dist/tex/latex/stmaryrd/stmaryrd.sty
Package: stmaryrd 1994/03/03 St Mary's Road symbol package
\symstmry=\mathgroup11
LaTeX Font Info:    Overwriting symbol font `stmry' in version `bold'
(Font)                  U/stmry/m/n --> U/stmry/b/n on input line 89.
)
(/usr/local/texlive/2022/texmf-dist/tex/latex/svg/svg.sty
Package: svg 2020/11/26 v2.02k (include SVG pictures)

(/usr/local/texlive/2022/texmf-dist/tex/latex/koma-script/scrbase.sty
Package: scrbase 2022/05/01 v3.36 KOMA-Script package (KOMA-Script-independent 
basics and keyval usage)

(/usr/local/texlive/2022/texmf-dist/tex/latex/koma-script/scrlfile.sty
Package: scrlfile 2022/05/01 v3.36 KOMA-Script package (file load hooks)

(/usr/local/texlive/2022/texmf-dist/tex/latex/koma-script/scrlfile-hook.sty
Package: scrlfile-hook 2022/05/01 v3.36 KOMA-Script package (using LaTeX hooks)


(/usr/local/texlive/2022/texmf-dist/tex/latex/koma-script/scrlogo.sty
Package: scrlogo 2022/05/01 v3.36 KOMA-Script package (logo)
)))
Applying: [2021/05/01] Usage of raw or classic option list on input line 252.
Already applied: [0000/00/00] Usage of raw or classic option list on input line
 368.
)
(/usr/local/texlive/2022/texmf-dist/tex/latex/trimspaces/trimspaces.sty
Package: trimspaces 2009/09/17 v1.1 Trim spaces around a token list
)
(/usr/local/texlive/2022/texmf-dist/tex/latex/tools/shellesc.sty
Package: shellesc 2019/11/08 v1.0c unified shell escape interface for LaTeX
Package shellesc Info: Restricted shell escape enabled on input line 77.
)
\c@svg@param@lastpage=\count293


Package svg Warning: The key `svgpath' is deprecated. It's recommended
(svg)                to use `\svgpath' instead on input line 768.

\svg@box=\box54
\c@svg@param@currpage=\count294
) (/usr/local/texlive/2022/texmf-dist/tex/latex/xcolor/xcolor.sty
Package: xcolor 2021/10/31 v2.13 LaTeX color extensions (UK)

(/usr/local/texlive/2022/texmf-dist/tex/latex/graphics-cfg/color.cfg
File: color.cfg 2016/01/02 v1.6 sample color configuration
)
Package xcolor Info: Driver file: pdftex.def on input line 227.
LaTeX Info: Redefining \color on input line 711.
Package xcolor Info: Model `cmy' substituted by `cmy0' on input line 1352.
Package xcolor Info: Model `hsb' substituted by `rgb' on input line 1356.
Package xcolor Info: Model `RGB' extended on input line 1368.
Package xcolor Info: Model `HTML' substituted by `rgb' on input line 1370.
Package xcolor Info: Model `Hsb' substituted by `hsb' on input line 1371.
Package xcolor Info: Model `tHsb' substituted by `hsb' on input line 1372.
Package xcolor Info: Model `HSB' substituted by `hsb' on input line 1373.
Package xcolor Info: Model `Gray' substituted by `gray' on input line 1374.
Package xcolor Info: Model `wave' substituted by `hsb' on input line 1375.
)
(/usr/local/texlive/2022/texmf-dist/tex/latex/transparent/transparent.sty
Package: transparent 2019/11/29 v1.4 Transparency via pdfTeX's color stack (HO)

)
(/usr/local/texlive/2022/texmf-dist/tex/latex/pgf/systemlayer/pgfsys.sty
(/usr/local/texlive/2022/texmf-dist/tex/latex/pgf/utilities/pgfrcs.sty
(/usr/local/texlive/2022/texmf-dist/tex/generic/pgf/utilities/pgfutil-common.te
x
\pgfutil@everybye=\toks35
\pgfutil@tempdima=\dimen157
\pgfutil@tempdimb=\dimen158

(/usr/local/texlive/2022/texmf-dist/tex/generic/pgf/utilities/pgfutil-common-li
sts.tex))
(/usr/local/texlive/2022/texmf-dist/tex/generic/pgf/utilities/pgfutil-latex.def
\pgfutil@abb=\box55
) (/usr/local/texlive/2022/texmf-dist/tex/generic/pgf/utilities/pgfrcs.code.tex
(/usr/local/texlive/2022/texmf-dist/tex/generic/pgf/pgf.revision.tex)
Package: pgfrcs 2021/05/15 v3.1.9a (3.1.9a)
))
(/usr/local/texlive/2022/texmf-dist/tex/generic/pgf/systemlayer/pgfsys.code.tex
Package: pgfsys 2021/05/15 v3.1.9a (3.1.9a)
(/usr/local/texlive/2022/texmf-dist/tex/generic/pgf/utilities/pgfkeys.code.tex
\pgfkeys@pathtoks=\toks36
\pgfkeys@temptoks=\toks37

(/usr/local/texlive/2022/texmf-dist/tex/generic/pgf/utilities/pgfkeysfiltered.c
ode.tex
\pgfkeys@tmptoks=\toks38
))
\pgf@x=\dimen159
\pgf@y=\dimen160
\pgf@xa=\dimen161
\pgf@ya=\dimen162
\pgf@xb=\dimen163
\pgf@yb=\dimen164
\pgf@xc=\dimen165
\pgf@yc=\dimen166
\pgf@xd=\dimen167
\pgf@yd=\dimen168
\w@pgf@writea=\write3
\r@pgf@reada=\read4
\c@pgf@counta=\count295
\c@pgf@countb=\count296
\c@pgf@countc=\count297
\c@pgf@countd=\count298
\t@pgf@toka=\toks39
\t@pgf@tokb=\toks40
\t@pgf@tokc=\toks41
\pgf@sys@id@count=\count299

(/usr/local/texlive/2022/texmf-dist/tex/generic/pgf/systemlayer/pgf.cfg
File: pgf.cfg 2021/05/15 v3.1.9a (3.1.9a)
)
Driver file for pgf: pgfsys-pdftex.def

(/usr/local/texlive/2022/texmf-dist/tex/generic/pgf/systemlayer/pgfsys-pdftex.d
ef
File: pgfsys-pdftex.def 2021/05/15 v3.1.9a (3.1.9a)

(/usr/local/texlive/2022/texmf-dist/tex/generic/pgf/systemlayer/pgfsys-common-p
df.def
File: pgfsys-common-pdf.def 2021/05/15 v3.1.9a (3.1.9a)
)))
(/usr/local/texlive/2022/texmf-dist/tex/generic/pgf/systemlayer/pgfsyssoftpath.
code.tex
File: pgfsyssoftpath.code.tex 2021/05/15 v3.1.9a (3.1.9a)
\pgfsyssoftpath@smallbuffer@items=\count300
\pgfsyssoftpath@bigbuffer@items=\count301
)
(/usr/local/texlive/2022/texmf-dist/tex/generic/pgf/systemlayer/pgfsysprotocol.
code.tex
File: pgfsysprotocol.code.tex 2021/05/15 v3.1.9a (3.1.9a)
)) (/usr/local/texlive/2022/texmf-dist/tex/latex/listings/listings.sty
\lst@mode=\count302
\lst@gtempboxa=\box56
\lst@token=\toks42
\lst@length=\count303
\lst@currlwidth=\dimen169
\lst@column=\count304
\lst@pos=\count305
\lst@lostspace=\dimen170
\lst@width=\dimen171
\lst@newlines=\count306
\lst@lineno=\count307
\lst@maxwidth=\dimen172

(/usr/local/texlive/2022/texmf-dist/tex/latex/listings/lstmisc.sty
File: lstmisc.sty 2020/03/24 1.8d (Carsten Heinz)
\c@lstnumber=\count308
\lst@skipnumbers=\count309
\lst@framebox=\box57
)
(/usr/local/texlive/2022/texmf-dist/tex/latex/listings/listings.cfg
File: listings.cfg 2020/03/24 1.8d listings configuration
))
Package: listings 2020/03/24 1.8d (Carsten Heinz)

(/usr/local/texlive/2022/texmf-dist/tex/latex/listings/lstlang1.sty
File: lstlang1.sty 2020/03/24 1.8d listings language file
)
(/usr/local/texlive/2022/texmf-dist/tex/latex/l3backend/l3backend-pdftex.def
File: l3backend-pdftex.def 2022-04-20 L3 backend support: PDF output (pdfTeX)
\l__color_backend_stack_int=\count310
\l__pdf_internal_box=\box58
)
(./PsPM_Manual.aux)
\openout1 = `PsPM_Manual.aux'.

LaTeX Font Info:    Checking defaults for OML/EBGaramond-Maths/m/it on input li
ne 76.
LaTeX Font Info:    Trying to load font information for OML+EBGaramond-Maths on
 input line 76.

(/usr/local/texlive/2022/texmf-dist/tex/latex/ebgaramond-maths/OMLEBGaramond-Ma
ths.fd
File: OMLEBGaramond-Maths.fd 2019/09/24 font definitions for OML/EBGaramond-Mat
hs.
)
LaTeX Font Info:    ... okay on input line 76.
LaTeX Font Info:    Checking defaults for OMS/cmsy/m/n on input line 76.
LaTeX Font Info:    ... okay on input line 76.
LaTeX Font Info:    Checking defaults for OT1/EBGaramond-LF/m/n on input line 7
6.
LaTeX Font Info:    Trying to load font information for OT1+EBGaramond-LF on in
put line 76.

(/usr/local/texlive/2022/texmf-dist/tex/latex/ebgaramond/OT1EBGaramond-LF.fd
File: OT1EBGaramond-LF.fd 2019/10/22 (autoinst) Font definitions for OT1/EBGara
mond-LF.
)
LaTeX Font Info:    ... okay on input line 76.
LaTeX Font Info:    Checking defaults for T1/cmr/m/n on input line 76.
LaTeX Font Info:    ... okay on input line 76.
LaTeX Font Info:    Checking defaults for TS1/cmr/m/n on input line 76.
LaTeX Font Info:    ... okay on input line 76.
LaTeX Font Info:    Checking defaults for OMX/cmex/m/n on input line 76.
LaTeX Font Info:    ... okay on input line 76.
LaTeX Font Info:    Checking defaults for U/ntxexa/m/n on input line 76.
LaTeX Font Info:    Trying to load font information for U+ntxexa on input line 
76.

(/usr/local/texlive/2022/texmf-dist/tex/latex/newtx/untxexa.fd
File: untxexa.fd 2012/04/16 Fontinst v1.933 font definitions for U/ntxexa.
)
LaTeX Font Info:    ... okay on input line 76.
LaTeX Font Info:    Checking defaults for LGR/cmr/m/n on input line 76.
LaTeX Font Info:    Trying to load font information for LGR+cmr on input line 7
6.

(/usr/local/texlive/2022/texmf-dist/tex/latex/cbfonts-fd/lgrcmr.fd
File: lgrcmr.fd 2017/07/29 v1.2 Greek European Computer Regular
)
LaTeX Font Info:    ... okay on input line 76.
LaTeX Font Info:    Checking defaults for PD1/pdf/m/n on input line 76.
LaTeX Font Info:    ... okay on input line 76.
LaTeX Font Info:    Checking defaults for PU/pdf/m/n on input line 76.
LaTeX Font Info:    ... okay on input line 76.
LaTeX Font Info:    Checking defaults for LMS/ntxsy/m/n on input line 76.
LaTeX Font Info:    Trying to load font information for LMS+ntxsy on input line
 76.

(/usr/local/texlive/2022/texmf-dist/tex/latex/newtx/lmsntxsy.fd
File: lmsntxsy.fd 2016/07/02 Fontinst v1.933 font definitions for LMS/ntxsy.
)
LaTeX Font Info:    ... okay on input line 76.
LaTeX Font Info:    Checking defaults for LMX/ntxexx/m/n on input line 76.
LaTeX Font Info:    Trying to load font information for LMX+ntxexx on input lin
e 76.

(/usr/local/texlive/2022/texmf-dist/tex/latex/newtx/lmxntxexx.fd
File: lmxntxexx.fd 2016/07/03 Fontinst v1.933 font definitions for LMX/ntxexx.
)
LaTeX Font Info:    ... okay on input line 76.

(/usr/local/texlive/2022/texmf-dist/tex/context/base/mkii/supp-pdf.mkii
[Loading MPS to PDF converter (version 2006.09.02).]
\scratchcounter=\count311
\scratchdimen=\dimen173
\scratchbox=\box59
\nofMPsegments=\count312
\nofMParguments=\count313
\everyMPshowfont=\toks43
\MPscratchCnt=\count314
\MPscratchDim=\dimen174
\MPnumerator=\count315
\makeMPintoPDFobject=\count316
\everyMPtoPDFconversion=\toks44
) (/usr/local/texlive/2022/texmf-dist/tex/latex/epstopdf-pkg/epstopdf-base.sty
Package: epstopdf-base 2020-01-24 v2.11 Base part for package epstopdf
Package epstopdf-base Info: Redefining graphics rule for `.eps' on input line 4
85.

(/usr/local/texlive/2022/texmf-dist/tex/latex/latexconfig/epstopdf-sys.cfg
File: epstopdf-sys.cfg 2010/07/13 v1.3 Configuration of (r)epstopdf for TeX Liv
e
))
Package hyperref Info: Link coloring OFF on input line 76.

(./PsPM_Manual.out) (./PsPM_Manual.out)
\@outlinefile=\write4
\openout4 = `PsPM_Manual.out'.

\c@mv@tabular=\count317
\c@mv@boldtabular=\count318
\c@lstlisting=\count319
LaTeX Font Info:    Font shape `T1/EBGaramond-OsF/m/n' in size <17.28> not avai
lable
(Font)              Font shape `T1/EBGaramond-OsF/regular/n' tried instead on i
nput line 79.
LaTeX Font Info:    Font shape `T1/EBGaramond-OsF/regular/n' will be
(Font)              scaled to size 17.28pt on input line 79.
LaTeX Font Info:    Font shape `T1/EBGaramond-OsF/m/n' in size <12> not availab
le
(Font)              Font shape `T1/EBGaramond-OsF/regular/n' tried instead on i
nput line 79.
LaTeX Font Info:    Font shape `T1/EBGaramond-OsF/regular/n' will be
(Font)              scaled to size 12.0pt on input line 79.
LaTeX Font Info:    Font shape `OT1/EBGaramond-LF/m/n' in size <12> not availab
le
(Font)              Font shape `OT1/EBGaramond-LF/regular/n' tried instead on i
nput line 79.
LaTeX Font Info:    Font shape `OT1/EBGaramond-LF/regular/n' will be
(Font)              scaled to size 12.0pt on input line 79.
LaTeX Font Info:    Font shape `OT1/EBGaramond-LF/m/n' in size <8.8> not availa
ble
(Font)              Font shape `OT1/EBGaramond-LF/regular/n' tried instead on i
nput line 79.
LaTeX Font Info:    Font shape `OT1/EBGaramond-LF/regular/n' will be
(Font)              scaled to size 8.8pt on input line 79.
LaTeX Font Info:    Font shape `OT1/EBGaramond-LF/m/n' in size <6.6> not availa
ble
(Font)              Font shape `OT1/EBGaramond-LF/regular/n' tried instead on i
nput line 79.
LaTeX Font Info:    Font shape `OT1/EBGaramond-LF/regular/n' will be
(Font)              scaled to size 6.6pt on input line 79.
LaTeX Font Info:    Trying to load font information for U+msa on input line 79.


(/usr/local/texlive/2022/texmf-dist/tex/latex/amsfonts/umsa.fd
File: umsa.fd 2013/01/14 v3.01 AMS symbols A
)
LaTeX Font Info:    Trying to load font information for U+msb on input line 79.


(/usr/local/texlive/2022/texmf-dist/tex/latex/amsfonts/umsb.fd
File: umsb.fd 2013/01/14 v3.01 AMS symbols B
)
LaTeX Font Info:    Trying to load font information for U+esint on input line 7
9.

(/usr/local/texlive/2022/texmf-dist/tex/latex/esint/uesint.fd
File: uesint.fd 
)
LaTeX Font Info:    Trying to load font information for U+ntxmia on input line 
79.

(/usr/local/texlive/2022/texmf-dist/tex/latex/newtx/untxmia.fd
File: untxmia.fd 2018/04/14 Fontinst v1.933 font definitions for U/ntxmia.
)
LaTeX Font Info:    Trying to load font information for U+ntxsym on input line 
79.

(/usr/local/texlive/2022/texmf-dist/tex/latex/newtx/untxsym.fd
File: untxsym.fd 2015/03/20 Fontinst v1.933 font definitions for U/ntxsym.
)
LaTeX Font Info:    Trying to load font information for U+ntxsyc on input line 
79.

(/usr/local/texlive/2022/texmf-dist/tex/latex/newtx/untxsyc.fd
File: untxsyc.fd 2012/04/12 Fontinst v1.933 font definitions for U/ntxsyc.
)
LaTeX Font Info:    Trying to load font information for U+stmry on input line 7
9.

(/usr/local/texlive/2022/texmf-dist/tex/latex/stmaryrd/Ustmry.fd)

LaTeX Warning: No \author given.

LaTeX Font Info:    Font shape `OT1/EBGaramond-LF/m/n' in size <10> not availab
le
(Font)              Font shape `OT1/EBGaramond-LF/regular/n' tried instead on i
nput line 86.
LaTeX Font Info:    Font shape `OT1/EBGaramond-LF/regular/n' will be
(Font)              scaled to size 10.0pt on input line 86.
LaTeX Font Info:    Font shape `OT1/EBGaramond-LF/m/n' in size <7.3> not availa
ble
(Font)              Font shape `OT1/EBGaramond-LF/regular/n' tried instead on i
nput line 86.
LaTeX Font Info:    Font shape `OT1/EBGaramond-LF/regular/n' will be
(Font)              scaled to size 7.3pt on input line 86.
LaTeX Font Info:    Font shape `OT1/EBGaramond-LF/m/n' in size <5.5> not availa
ble
(Font)              Font shape `OT1/EBGaramond-LF/regular/n' tried instead on i
nput line 86.
LaTeX Font Info:    Font shape `OT1/EBGaramond-LF/regular/n' will be
(Font)              scaled to size 5.5pt on input line 86.

LaTeX Font Warning: Font shape `U/stmry/m/n' in size <5.5> not available
(Font)              size <5> substituted on input line 86.

LaTeX Font Info:    Font shape `T1/EBGaramond-OsF/m/n' in size <7.3> not availa
ble
(Font)              Font shape `T1/EBGaramond-OsF/regular/n' tried instead on i
nput line 86.
LaTeX Font Info:    Font shape `T1/EBGaramond-OsF/regular/n' will be
(Font)              scaled to size 7.3pt on input line 86.
LaTeX Font Info:    Font shape `T1/EBGaramond-OsF/m/n' in size <8> not availabl
e
(Font)              Font shape `T1/EBGaramond-OsF/regular/n' tried instead on i
nput line 87.
LaTeX Font Info:    Font shape `T1/EBGaramond-OsF/regular/n' will be
(Font)              scaled to size 8.0pt on input line 87.
LaTeX Font Info:    Font shape `OT1/EBGaramond-LF/m/n' in size <8> not availabl
e
(Font)              Font shape `OT1/EBGaramond-LF/regular/n' tried instead on i
nput line 87.
LaTeX Font Info:    Font shape `OT1/EBGaramond-LF/regular/n' will be
(Font)              scaled to size 8.0pt on input line 87.
LaTeX Font Info:    Font shape `OT1/EBGaramond-LF/m/n' in size <6.2> not availa
ble
(Font)              Font shape `OT1/EBGaramond-LF/regular/n' tried instead on i
nput line 87.
LaTeX Font Info:    Font shape `OT1/EBGaramond-LF/regular/n' will be
(Font)              scaled to size 6.2pt on input line 87.
LaTeX Font Info:    Font shape `T1/EBGaramond-OsF/m/n' in size <6.2> not availa
ble
(Font)              Font shape `T1/EBGaramond-OsF/regular/n' tried instead on i
nput line 87.
LaTeX Font Info:    Font shape `T1/EBGaramond-OsF/regular/n' will be
(Font)              scaled to size 6.2pt on input line 87.
LaTeX Font Info:    Font shape `T1/EBGaramond-OsF/m/n' in size <14.4> not avail
able
(Font)              Font shape `T1/EBGaramond-OsF/regular/n' tried instead on i
nput line 87.
LaTeX Font Info:    Font shape `T1/EBGaramond-OsF/regular/n' will be
(Font)              scaled to size 14.4pt on input line 87.
[1

{/usr/local/texlive/2022/texmf-var/fonts/map/pdftex/updmap/pdftex.map}]
LaTeX Font Info:    Font shape `T1/EBGaramond-OsF/b/n' in size <14.4> not avail
able
(Font)              Font shape `T1/EBGaramond-OsF/bold/n' tried instead on inpu
t line 97.
LaTeX Font Info:    Font shape `T1/EBGaramond-OsF/bold/n' will be
(Font)              scaled to size 14.4pt on input line 97.

(./PsPM_Manual.toc
LaTeX Font Info:    Font shape `T1/EBGaramond-OsF/b/n' in size <12> not availab
le
(Font)              Font shape `T1/EBGaramond-OsF/bold/n' tried instead on inpu
t line 2.
LaTeX Font Info:    Font shape `T1/EBGaramond-OsF/bold/n' will be
(Font)              scaled to size 12.0pt on input line 2.
LaTeX Font Info:    Font shape `T1/EBGaramond-OsF/b/n' in size <10> not availab
le
(Font)              Font shape `T1/EBGaramond-OsF/bold/n' tried instead on inpu
t line 3.
LaTeX Font Info:    Font shape `T1/EBGaramond-OsF/bold/n' will be
(Font)              scaled to size 10.0pt on input line 3.
LaTeX Font Info:    Font shape `T1/EBGaramond-OsF/m/sl' in size <10> not availa
ble
(Font)              Font shape `T1/EBGaramond-OsF/regular/sl' tried instead on 
input line 44.
LaTeX Font Info:    Font shape `T1/EBGaramond-OsF/regular/sl' in size <10> not 
available
(Font)              Font shape `T1/EBGaramond-OsF/regular/it' tried instead on 
input line 44.
LaTeX Font Info:    Font shape `T1/EBGaramond-OsF/regular/it' will be
(Font)              scaled to size 10.0pt on input line 44.
 [2] [3] [4] [5])
\tf@toc=\write5
\openout5 = `PsPM_Manual.toc'.

 [6]
LaTeX Font Info:    Font shape `T1/EBGaramond-OsF/b/n' in size <20.74> not avai
lable
(Font)              Font shape `T1/EBGaramond-OsF/bold/n' tried instead on inpu
t line 101.
LaTeX Font Info:    Font shape `T1/EBGaramond-OsF/bold/n' will be
(Font)              scaled to size 20.74pt on input line 101.
 [7

] [8]
LaTeX Font Info:    Font shape `T1/EBGaramond-OsF/m/it' in size <10> not availa
ble
(Font)              Font shape `T1/EBGaramond-OsF/regular/it' tried instead on 
input line 253.
LaTeX Font Info:    Font shape `T1/EBGaramond-OsF/regular/it' will be
(Font)              scaled to size 10.0pt on input line 253.

Overfull \hbox (15.0pt too wide) in paragraph at lines 253--263
[][] 
 []

[9]
LaTeX Font Info:    Trying to load font information for T1+cmtt on input line 3
40.
 (/usr/local/texlive/2022/texmf-dist/tex/latex/base/t1cmtt.fd
File: t1cmtt.fd 2019/12/16 v2.5j Standard LaTeX font definitions
)
Overfull \hbox (15.0pt too wide) in paragraph at lines 340--349
[][] 
 []

[10] [11]
Missing character: There is no ^^O in font EBGaramond-Italic--oml-ebgaramond!
Missing character: There is no ^^O in font EBGaramond-Italic--oml-ebgaramond!
Missing character: There is no ^^O in font EBGaramond-Italic--oml-ebgaramond!
[12]
Overfull \hbox (1.89651pt too wide) in paragraph at lines 501--504
\T1/EBGaramond-OsF/regular/n/10 non-linear model in-ver-sion. PsPM con-tains se
v-eral ef-fi-cient non-linear model in-ver-sion meth-
 []

LaTeX Font Info:    Trying to load font information for TS1+EBGaramond-OsF on i
nput line 505.
(/usr/local/texlive/2022/texmf-dist/tex/latex/ebgaramond/TS1EBGaramond-OsF.fd
File: TS1EBGaramond-OsF.fd 2019/10/22 (autoinst) Font definitions for TS1/EBGar
amond-OsF.
)
LaTeX Font Info:    Font shape `TS1/EBGaramond-OsF/m/n' in size <10> not availa
ble
(Font)              Font shape `TS1/EBGaramond-OsF/regular/n' tried instead on 
input line 505.
LaTeX Font Info:    Font shape `TS1/EBGaramond-OsF/regular/n' will be
(Font)              scaled to size 10.0pt on input line 505.

[13] [14] [15]
Overfull \hbox (15.0pt too wide) in paragraph at lines 700--718
[][] 
 []

[16]
LaTeX Font Info:    Font shape `T1/EBGaramond-OsF/m/n' in size <5.5> not availa
ble
(Font)              Font shape `T1/EBGaramond-OsF/regular/n' tried instead on i
nput line 750.
LaTeX Font Info:    Font shape `T1/EBGaramond-OsF/regular/n' will be
(Font)              scaled to size 5.5pt on input line 750.

Overfull \hbox (6.32155pt too wide) in paragraph at lines 741--755
 []\T1/EBGaramond-OsF/bold/n/10 Formulation for spon-tan-eous fluc-tu-ations \T
1/EBGaramond-OsF/regular/n/10 For mod-el-ling spon-tan-eous fluc-tu-ations (SF)
,
 []

[17]
Missing character: There is no ^^O in font EBGaramond-Italic--oml-ebgaramond!
[18] [19] [20]
Overfull \hbox (2.27539pt too wide) in paragraph at lines 989--992
[]\T1/EBGaramond-OsF/regular/n/10 GLM and non-linear model: z-normalisation of 
data is re-com-men-ded for within-
 []

[21] [22]
LaTeX Font Info:    Trying to load font information for LGR+EBGaramond-OsF on i
nput line 1163.

(/usr/local/texlive/2022/texmf-dist/tex/latex/ebgaramond/LGREBGaramond-OsF.fd
File: LGREBGaramond-OsF.fd 2019/10/22 (autoinst) Font definitions for LGR/EBGar
amond-OsF.
)
LaTeX Font Info:    Font shape `LGR/EBGaramond-OsF/m/n' in size <10> not availa
ble
(Font)              Font shape `LGR/EBGaramond-OsF/regular/n' tried instead on 
input line 1163.
LaTeX Font Info:    Font shape `LGR/EBGaramond-OsF/regular/n' will be
(Font)              scaled to size 10.0pt on input line 1163.

[23] [24] [25]
Overfull \hbox (1.86256pt too wide) in paragraph at lines 1341--1355
\T1/EBGaramond-OsF/regular/n/10 second LTI sys-tem be-ing par-tic-u-larly rel-e
v-ant for brief, i.e., sub-second, in-puts). The modeled
 []

[26] [27]
Overfull \hbox (0.40125pt too wide) in paragraph at lines 1456--1459
[]\T1/EBGaramond-OsF/regular/n/10 Respiration amp-litude (RA) is the amp-litude
 in rib cage ex-cur-sion on that cycle, which
 []


Overfull \hbox (5.6497pt too wide) in paragraph at lines 1468--1471
\T1/EBGaramond-OsF/regular/n/10 sounds, elec-tric shocks, pic-ture view-ing, vi
sual de-tec-tion) and re-li-ably dis-tin-guish events
 []

[28] [29] [30]
Overfull \hbox (2.54149pt too wide) in paragraph at lines 1643--1659
\T1/EBGaramond-OsF/regular/n/10 In the ab-sence of in-form-a-tion on the milles
econd-time course of neural re-sponse in the centres
 []

[31] [32] [33] [34

] [35] [36] [37] [38] [39]
Underfull \hbox (badness 10000) in paragraph at lines 2150--2177

 []


Underfull \hbox (badness 10000) in paragraph at lines 2150--2177

 []


Underfull \hbox (badness 10000) in paragraph at lines 2178--2205

 []


Underfull \hbox (badness 10000) in paragraph at lines 2178--2205

 []

[40]
Overfull \hbox (0.68887pt too wide) in paragraph at lines 2236--2239
[]\T1/EBGaramond-OsF/regular/n/10 Specify Chan-nel Num-ber [if re-quired ac-cor
d-ing to data type, oth-er-wise a de-fault chan-
 []

[41] [42] [43]
Overfull \hbox (4.49313pt too wide) in paragraph at lines 2407--2409
\T1/EBGaramond-OsF/regular/it/10 Related func-tion: \T1/cmtt/m/n/10 pspm_ecg2hb
, pspm_ecg2hb_amri, pspm_hb2hp, pspm_ppu2hb 
 []


Overfull \hbox (11.31549pt too wide) in paragraph at lines 2428--2431
[]\T1/EBGaramond-OsF/regular/n/10 Convert Peri-pheral pulse oxi-metry to heart 
beat first cre-ates a tem-plate from non-ambiguous
 []

[44] [45]
Overfull \hbox (6.20436pt too wide) in paragraph at lines 2567--2569
\T1/EBGaramond-OsF/regular/n/10 Choose whether to add the new chan-nels or re-p
lace a chan-nel pre-vi-ously ad-ded by this method.
 []

[46]
Overfull \hbox (40.36288pt too wide) in paragraph at lines 2587--2591
[]\T1/EBGaramond-OsF/regular/n/10 From the com-mand line the ECG ed-itor can be
 star-ted by typ-ing \T1/cmtt/m/n/10 pspm_ecg_editor(argument)
 []

[47] [48] [49] [50]
Overfull \hbox (6.20436pt too wide) in paragraph at lines 2870--2872
\T1/EBGaramond-OsF/regular/n/10 Choose whether to add the new chan-nels or re-p
lace a chan-nel pre-vi-ously ad-ded by this method.
 []

[51] [52] [53] [54] [55]
<Figures/Hayes-Petrov2016_Article_MappingAndCorrectingTheInfluen_svg.pdf, id=14
16, 495.10832pt x 716.23529pt>
File: Figures/Hayes-Petrov2016_Article_MappingAndCorrectingTheInfluen_svg.pdf G
raphic file (type pdf)
<use Figures/Hayes-Petrov2016_Article_MappingAndCorrectingTheInfluen_svg.pdf>
Package pdftex.def Info: Figures/Hayes-Petrov2016_Article_MappingAndCorrectingT
heInfluen_svg.pdf  used on input line 3120.
(pdftex.def)             Requested size: 345.0pt x 499.08807pt.

Overfull \hbox (2.87251pt too wide) in paragraph at lines 3150--3154
[]\T1/EBGaramond-OsF/regular/n/10 Pupil pre-pro-cessing is per-formed in two ma
in steps. In the first step, the ``valid'' samples
 []

[56] [57 <./Figures/Hayes-Petrov2016_Article_MappingAndCorrectingTheInfluen_svg
.pdf>]
Overfull \hbox (1.70702pt too wide) in paragraph at lines 3223--3226
\T1/EBGaramond-OsF/regular/n/10 'sep-ar-ated'. Sep-ar-ated samples can later be
 con-sidered in-valid de-pend-ing on other
 []

[58] [59] [60] [61] [62] [63]
Overfull \hbox (3.93304pt too wide) in paragraph at lines 3535--3538
[]\T1/EBGaramond-OsF/regular/n/10 Island threshold: Dur-a-tion threshold (secon
ds) which de-term-ines the max-imum length
 []

[64] [65] [66]
Overfull \hbox (6.22644pt too wide) in paragraph at lines 3705--3708
[]\T1/EBGaramond-OsF/regular/n/10 e.g. pro-duce a simple mul-tiple con-di-tion 
file by typ-ing: \T1/cmtt/m/n/10 names = {'condition
 []


Overfull \hbox (43.16672pt too wide) in paragraph at lines 3705--3708
\T1/cmtt/m/n/10 a', 'condition b'}; onsets = {[1 2 3], [4 5 6]}; save('testfile
',
 []

[67]
Overfull \hbox (4.65207pt too wide) in paragraph at lines 3734--3736
[]\T1/EBGaramond-OsF/regular/n/10 Name: the names of the con-di-tions in the sa
me or-der as the conditioning-defining
 []

[68] [69] [70] [71] [72] [73] [74] [75]
Overfull \hbox (3.72209pt too wide) in paragraph at lines 4242--4247
[]\T1/EBGaramond-OsF/regular/n/10 Enter Miss-ing Epochs Manu-ally: Enter the st
art and end points of miss-ing epochs
 []


Overfull \hbox (3.23546pt too wide) in paragraph at lines 4286--4290
 []\T1/EBGaramond-OsF/bold/n/10 Normalization \T1/EBGaramond-OsF/regular/n/10 S
pe-cify if you want to nor-mal-ize the SCR data for each sub-ject. For within-
 []

[76] [77] [78] [79] [80] [81]
Overfull \hbox (3.04883pt too wide) in paragraph at lines 4643--4655
\T1/EBGaramond-OsF/regular/n/10 between con-di-tions (GLM), epochs (SF) or tri-
als (Non-linear SCR mod-els). Con-trast weights
 []

[82] [83]
Overfull \hbox (0.14604pt too wide) in paragraph at lines 4788--4791
[]\T1/EBGaramond-OsF/regular/n/10 Reconstructed: Ex-port all con-di-tions in a 
GLM, re-con-structs es-tim-ated re-sponse from
 []

[84] [85]
Overfull \hbox (59.31917pt too wide) in paragraph at lines 4902--4912
\T1/EBGaramond-OsF/regular/n/10 Mat-lab path. Once that is done, the data ed-it
or can be star-ted by typ-ing '\T1/cmtt/m/n/10 pspm_data_editor(argument)\T1/EB
Garamond-OsF/regular/n/10 '
 []

[86]
<Figures/icons/button_zoom.PNG, id=1800, 31.61812pt x 15.80907pt>
File: Figures/icons/button_zoom.PNG Graphic file (type png)
<use Figures/icons/button_zoom.PNG>
Package pdftex.def Info: Figures/icons/button_zoom.PNG  used on input line 4940
.
(pdftex.def)             Requested size: 31.61803pt x 15.809pt.
<Figures/icons/button_pan.PNG, id=1802, 13.55063pt x 15.05624pt>
File: Figures/icons/button_pan.PNG Graphic file (type png)
<use Figures/icons/button_pan.PNG>
Package pdftex.def Info: Figures/icons/button_pan.PNG  used on input line 4941.

(pdftex.def)             Requested size: 13.55058pt x 15.0562pt.
<Figures/icons/button_add_epoch.PNG, id=1803, 16.56187pt x 14.30344pt>
File: Figures/icons/button_add_epoch.PNG Graphic file (type png)
<use Figures/icons/button_add_epoch.PNG>
Package pdftex.def Info: Figures/icons/button_add_epoch.PNG  used on input line
 4954.
(pdftex.def)             Requested size: 16.56183pt x 14.30339pt.
<Figures/icons/button_remove_epoch.PNG, id=1804, 16.56187pt x 12.7978pt>
File: Figures/icons/button_remove_epoch.PNG Graphic file (type png)
<use Figures/icons/button_remove_epoch.PNG>
Package pdftex.def Info: Figures/icons/button_remove_epoch.PNG  used on input l
ine 4963.
(pdftex.def)             Requested size: 16.56183pt x 12.79776pt.
 [87 <./Figures/icons/button_zoom.PNG> <./Figures/icons/button_pan.PNG> <./Figu
res/icons/button_add_epoch.PNG>]
<Figures/icons/button_navigate_epochs.PNG, id=1819, 33.87656pt x 12.7978pt>
File: Figures/icons/button_navigate_epochs.PNG Graphic file (type png)
<use Figures/icons/button_navigate_epochs.PNG>
Package pdftex.def Info: Figures/icons/button_navigate_epochs.PNG  used on inpu
t line 4972.
(pdftex.def)             Requested size: 33.87646pt x 12.79776pt.
 [88 <./Figures/icons/button_remove_epoch.PNG> <./Figures/icons/button_navigate
_epochs.PNG>] [89] [90] [91] [92] [93]
[94] [95]
Overfull \hbox (0.48792pt too wide) in paragraph at lines 5450--5452
[]\T1/EBGaramond-OsF/regular/it/10 pspm_peakscore\T1/EBGaramond-OsF/regular/n/1
0 : Cal-cu-late event-related re-sponses by scor-ing the peak re-sponse against

 []

[96] [97]
Overfull \hbox (66.22153pt too wide) in paragraph at lines 5492--5502
\T1/EBGaramond-OsF/regular/n/10 prises SCR data from 15 par-ti-cipants and can 
be down-loaded from []ht-tps://bachlab.github.io/PsPM/software/[].
 []


Overfull \hbox (2.4056pt too wide) in paragraph at lines 5519--5523
\T1/EBGaramond-OsF/regular/n/10 matic search (oth-er-wise you can spe-cify the 
num-ber of the marker chan-nel manu-
 []

<Figures/YY1_import.png, id=1921, 462.22687pt x 639.89063pt>
File: Figures/YY1_import.png Graphic file (type png)
<use Figures/YY1_import.png>
Package pdftex.def Info: Figures/YY1_import.png  used on input line 5537.
(pdftex.def)             Requested size: 277.33826pt x 383.93733pt.
[98

]
<Figures/YY2_trim.png, id=1927, 462.22687pt x 640.64343pt>
File: Figures/YY2_trim.png Graphic file (type png)
<use Figures/YY2_trim.png>
Package pdftex.def Info: Figures/YY2_trim.png  used on input line 5550.
(pdftex.def)             Requested size: 277.33826pt x 384.38902pt.
 [99 <./Figures/YY1_import.png>] [100 <./Figures/YY2_trim.png>]
Overfull \hbox (20.7049pt too wide) in paragraph at lines 5572--5578
\T1/EBGaramond-OsF/regular/n/10 batch and script for fu-ture use. Run the batch
. A mat file with the name \T1/cmtt/m/n/10 tpspm_trsp_1_25.mat
 []

<Figures/YY3_glm.png, id=1940, 462.22687pt x 640.64343pt>
File: Figures/YY3_glm.png Graphic file (type png)
<use Figures/YY3_glm.png>
Package pdftex.def Info: Figures/YY3_glm.png  used on input line 5620.
(pdftex.def)             Requested size: 277.33826pt x 384.38902pt.
[101] [102 <./Figures/YY3_glm.png>]
<Figures/YY41_review.png, id=1958, 662.475pt x 719.68875pt>
File: Figures/YY41_review.png Graphic file (type png)
<use Figures/YY41_review.png>
Package pdftex.def Info: Figures/YY41_review.png  used on input line 5687.
(pdftex.def)             Requested size: 331.2367pt x 359.84349pt.
 [103]
<Figures/YY42_review.png, id=1973, 980.66376pt x 851.18pt>
File: Figures/YY42_review.png Graphic file (type png)
<use Figures/YY42_review.png>
Package pdftex.def Info: Figures/YY42_review.png  used on input line 5693.
(pdftex.def)             Requested size: 343.23746pt x 297.91745pt.
 [104 <./Figures/YY41_review.png>]
<Figures/YY43_review.png, id=1979, 1023.825pt x 638.385pt>
File: Figures/YY43_review.png Graphic file (type png)
<use Figures/YY43_review.png>
Package pdftex.def Info: Figures/YY43_review.png  used on input line 5699.
(pdftex.def)             Requested size: 358.34412pt x 223.43808pt.

Overfull \hbox (13.34412pt too wide) in paragraph at lines 5699--5701
[][] 
 []

[105 <./Figures/YY42_review.png>]
<Figures/YY44_review.png, id=1985, 734.745pt x 638.385pt>
File: Figures/YY44_review.png Graphic file (type png)
<use Figures/YY44_review.png>
Package pdftex.def Info: Figures/YY44_review.png  used on input line 5706.
(pdftex.def)             Requested size: 257.1646pt x 223.43808pt.
 [106 <./Figures/YY43_review.png> <./Figures/YY44_review.png>]
Overfull \hbox (50.89038pt too wide) in paragraph at lines 5753--5760
\T1/EBGaramond-OsF/regular/n/10 de-scribed ana-lyses for mul-tiple par-ti-cipan
ts at []pspm.sourceforge.net[] (im-port_trim_glm_contr_job_loop). 
 []


Overfull \hbox (2.00949pt too wide) in paragraph at lines 5761--5761
[]\T1/EBGaramond-OsF/bold/n/14.4 Non-linear SCR tu-torial: Delay fear con-di-ti
on-ing data[] 
 []

[107]
Overfull \hbox (18.69302pt too wide) in paragraph at lines 5790--5801
\T1/EBGaramond-OsF/regular/n/10 from []pspm.sourceforge.net[] is saved on your 
hard drive, e.g. \T1/cmtt/m/n/10 C:\PsPM_Tutorial\nonlinear\\T1/EBGaramond-OsF/
regular/n/10 . 
 []


Overfull \hbox (11.91605pt too wide) in paragraph at lines 5812--5813
[][][][][][][][][][][][][][][][][][][][][][][][][][][][][][][][][][][][][][][][
][][][][][][][][][][][][][][][][][][][][][][][][][] 
 []


Overfull \hbox (27.21245pt too wide) in paragraph at lines 5815--5816
[][][][][][][][][][][][][][][][][][][][][][][][][][][][][][][][][][][][][][][][
][][][][][][][][][][][][][][][][][][][][][][][][][][][][][][][][][][][][][][] 
 []


Overfull \hbox (78.20045pt too wide) in paragraph at lines 5816--5817
[][][][][][][][][][][][][][][][][][][][][][][][][][][][][][][][][][][][][][][][
][][][][][][][][][][][][][][][][][][][][][][][][][][][][][][][][][][][][][] 
 []


Overfull \hbox (6.81725pt too wide) in paragraph at lines 5820--5821
[][][][][][][][][][][][][][][][][][][][][][][][][][][][][][][][][][][][][][][][
][][][][][][][][][][][][][][][] 
 []

[108]
<Figures/Batch_nonlinear.png, id=2028, 524.71031pt x 405.01312pt>
File: Figures/Batch_nonlinear.png Graphic file (type png)
<use Figures/Batch_nonlinear.png>
Package pdftex.def Info: Figures/Batch_nonlinear.png  used on input line 5846.
(pdftex.def)             Requested size: 341.05765pt x 263.2554pt.

Overfull \hbox (4.11902pt too wide) in paragraph at lines 5862--5865
[]\T1/EBGaramond-OsF/regular/it/10 Design$\LMS/ntxsy/m/n/10 !$\T1/EBGaramond-Os
F/regular/it/10 Timing File$\LMS/ntxsy/m/n/10 !$\T1/EBGaramond-OsF/regular/n/10
 Select the pre-vi-ously cre-ated \T1/cmtt/m/n/10 event_timings_s1.mat
 []

[109 <./Figures/Batch_nonlinear.png>]
<Figures/Review_1stmodel1.PNG, id=2036, 698.61pt x 450.18187pt>
File: Figures/Review_1stmodel1.PNG Graphic file (type png)
<use Figures/Review_1stmodel1.PNG>
Package pdftex.def Info: Figures/Review_1stmodel1.PNG  used on input line 5911.

(pdftex.def)             Requested size: 349.30414pt x 225.09038pt.

Overfull \hbox (4.30414pt too wide) in paragraph at lines 5911--5912
[][] 
 []

[110] [111 <./Figures/Review_1stmodel1.PNG>] [112]
Overfull \hbox (8.82652pt too wide) in paragraph at lines 6011--6015
[]\T1/EBGaramond-OsF/regular/n/10 Open the saved job script (e.g., \T1/cmtt/m/n
/10 batch_import_trim_job.m\T1/EBGaramond-OsF/regular/n/10 ) and build a loop a
round
 []


Overfull \hbox (11.91605pt too wide) in paragraph at lines 6034--6035
[][][][][][][][][][][][][][][][][][][][][][][][][][][][][][][][][][][][][][] 
 []


Underfull \hbox (badness 10000) in paragraph at lines 6059--6064

 []

[113]
Overfull \hbox (113.89206pt too wide) in paragraph at lines 6069--6071
[][][][][][][][][][][][][][][][][][][][][][][][][][][][][][][][][][][][][][][][
][][][][][][][][][][][][][][][][][][][][][][][][][][][][][][][][][][][][][][][]
[][][] 
 []


Underfull \hbox (badness 10000) in paragraph at lines 6116--6120

 []

[114]
Overfull \hbox (62.90405pt too wide) in paragraph at lines 6135--6136
[][][][][][][][][][][][][][][][][][][][][][][][][][][][][][][][][][][][][][][][
][][][][][] 
 []


Overfull \hbox (8.89487pt too wide) in paragraph at lines 6180--6183
\T1/EBGaramond-OsF/regular/n/10 lect the con-trast(s) that we cre-ated in the f
irst level (i.e., in our case avers-ive>neutral) 
 []

[115]
<Figures/reviewmodel.png, id=2178, 923.45pt x 592.2125pt>
File: Figures/reviewmodel.png Graphic file (type png)
<use Figures/reviewmodel.png>
Package pdftex.def Info: Figures/reviewmodel.png  used on input line 6233.
(pdftex.def)             Requested size: 323.21234pt x 207.27747pt.
 [116]
<Figures/2ndlvl_bars.PNG, id=2186, 799.48688pt x 426.09187pt>
File: Figures/2ndlvl_bars.PNG Graphic file (type png)
<use Figures/2ndlvl_bars.PNG>
Package pdftex.def Info: Figures/2ndlvl_bars.PNG  used on input line 6261.
(pdftex.def)             Requested size: 279.8246pt x 149.13438pt.
 [117 <./Figures/reviewmodel.png>]
<Figures/2ndlvl_table.PNG, id=2193, 609.02531pt x 132.495pt>
File: Figures/2ndlvl_table.PNG Graphic file (type png)
<use Figures/2ndlvl_table.PNG>
Package pdftex.def Info: Figures/2ndlvl_table.PNG  used on input line 6269.
(pdftex.def)             Requested size: 304.5119pt x 66.24733pt.

Overfull \hbox (4.4575pt too wide) in paragraph at lines 6276--6276
[]\T1/EBGaramond-OsF/bold/n/14.4 Calling PsPM func-tions dir-ectly from the Mat
-lab com-
 []


Overfull \hbox (32.81822pt too wide) has occurred while \output is active
\T1/EBGaramond-OsF/regular/it/10 24 CALLING PSPM FUNCTIONS DIRECTLY FROM THE MA
TLAB COMMAND LINE \T1/EBGaramond-OsF/regular/n/10 118
 []

[118 <./Figures/2ndlvl_bars.PNG> <./Figures/2ndlvl_table.PNG>]
Overfull \hbox (11.91605pt too wide) in paragraph at lines 6325--6326
[][][][][][][][][][][][][][][][][][][][][][][][][][][][][][][][][][][][][][][][
][][][][][][][][][][][][][][][][][][][][][][][][][][][][][][][][][][][][][][][]
[][][][][][][][] 
 []


Overfull \hbox (11.91605pt too wide) in paragraph at lines 6329--6330
[][][][][][][][][][][][][][][][][][][][][][][][][][][][][][][][][][][][][][][][
][][][][][][][][][][][][][][][][][][][][][][][][][][][][][][][][] 
 []


Overfull \hbox (17.01485pt too wide) in paragraph at lines 6333--6334
[][][][][][][][][][][][][][][][][][][][][][][][][][][][][][][][][][][][][][][][
][][][][][][][][][][][][][][][][][][][][][][][][][][][][][][][][][][][][][][] 
 []


Overfull \hbox (17.01485pt too wide) in paragraph at lines 6335--6336
[][][][][][][][][][][][][][][][][][][][][][][][][][][][][][][][][][][][][][][][
][][][][][][][][][][][][][][][][][][][][][][][][][][][][][][][][][][][] 
 []


Overfull \hbox (17.01485pt too wide) in paragraph at lines 6342--6343
[][][][][][][][][][][][][][][][][][][][][][][][][][][][][][][][][][][][][][][][
][][][][][][][][][][][][][][][][][][][][][][][][][][][][][][][][][][][][][][][]
[][][][][][][][][][][][][][] 
 []


Overfull \hbox (6.81725pt too wide) in paragraph at lines 6344--6345
[][][][][][][][][][][][][][][][][][][][][][][][][][][][][][][][][][][][][][][][
][][][][][][][][][][][][][][][][][][][][][][][][][][][][][][][][][][][] 
 []


Overfull \hbox (32.95822pt too wide) has occurred while \output is active
\T1/EBGaramond-OsF/regular/it/10 24 CALLING PSPM FUNCTIONS DIRECTLY FROM THE MA
TLAB COMMAND LINE \T1/EBGaramond-OsF/regular/n/10 119
 []

[119]
Overfull \hbox (1.71844pt too wide) in paragraph at lines 6361--6362
[][][][][][][][][][][][][][][][][][][][][][][][][][][][][][][][][][][][][] 
 []


Overfull \hbox (78.20045pt too wide) in paragraph at lines 6380--6381
[][][][][][][][][][][][][][][][][][][][][][][][][][][][][][][][][][][][][][][][
][][][][][][][][][][][][][][][][][][][][] 
 []


Overfull \hbox (144.48486pt too wide) in paragraph at lines 6382--6383
[][][][][][][][][][][][][][][][][][][][][][][][][][][][][][][][][][][][][][][][
][][][][][][][][][][][][][][][][][] 
 []


Overfull \hbox (34.87823pt too wide) has occurred while \output is active
\T1/EBGaramond-OsF/regular/it/10 24 CALLING PSPM FUNCTIONS DIRECTLY FROM THE MA
TLAB COMMAND LINE \T1/EBGaramond-OsF/regular/n/10 120
 []

[120] [121

]
Overfull \hbox (2.03479pt too wide) in paragraph at lines 6488--6491
[]\T1/EBGaramond-OsF/regular/n/10 GLM for fear-conditioned HPR: Castegnetti G, 
Tzo-vara A, Staib M, Paulus PC, Hofer
 []


Overfull \hbox (10.57646pt too wide) in paragraph at lines 6500--6503
\T1/EBGaramond-OsF/regular/n/10 DR (2017). A pu-pil size re-sponse model to qua
ntify fear con-di-tion-ing. Psy-cho-physiology,
 []

[122] [123]
Overfull \hbox (3.28137pt too wide) in paragraph at lines 6589--6595
\T1/EBGaramond-OsF/regular/n/10 The VBA tool-box ([]$\T1/cmtt/m/n/10 http : / /
 mbb-[]team . github . io / VBA-[]toolbox/$[]\T1/EBGaramond-OsF/regular/n/10 ) 
was up-dated in Oc-
 []

<Figures/Comparison_VBA.PNG, id=2320, 390.70969pt x 210.03468pt>
File: Figures/Comparison_VBA.PNG Graphic file (type png)
<use Figures/Comparison_VBA.PNG>
Package pdftex.def Info: Figures/Comparison_VBA.PNG  used on input line 6597.
(pdftex.def)             Requested size: 332.1048pt x 178.53032pt.
[124] [125 <./Figures/Comparison_VBA.PNG (PNG copy)>]
Overfull \hbox (3.38284pt too wide) in paragraph at lines 6712--6719
\T1/EBGaramond-OsF/regular/n/10 Matlabbatch ([]$\T1/cmtt/m/n/10 https : / / git
 . code . sf . net / p / matlabbatch / code-[]git$[]\T1/EBGaramond-OsF/regular/
n/10 ) and the VBA
 []

[126]
File: Figures/Comparison_VBA.PNG Graphic file (type png)
<use Figures/Comparison_VBA.PNG>
Package pdftex.def Info: Figures/Comparison_VBA.PNG  used on input line 6721.
(pdftex.def)             Requested size: 390.70872pt x 210.03416pt.

Overfull \hbox (45.70872pt too wide) in paragraph at lines 6721--6722
[][] 
 []

[127]
Overfull \hbox (42.52983pt too wide) in paragraph at lines 6760--6767
\T1/EBGaramond-OsF/regular/n/10 cord-ingly, blink val-id-a-tion func-tion-al-it
y was re-moved in the func-tion pspm_find_valid_fixations.
 []

[128]
Overfull \hbox (3.17252pt too wide) in paragraph at lines 6850--6852
[]\T1/EBGaramond-OsF/regular/n/10 Heart period re-sponse func-tion (bf_hprf) co
ef-fi-cients are fixed ac-cord-ing to the manual 
 []

[129]
Overfull \hbox (6.69841pt too wide) in paragraph at lines 6863--6865
[]\T1/cmtt/m/n/10 pspm_convert_unit\T1/EBGaramond-OsF/regular/n/10 : Fix in-cor
-rect trans-form-a-tions between met-ric units and inches. 
 []


Overfull \hbox (15.02568pt too wide) in paragraph at lines 6867--6869
[]\T1/cmtt/m/n/10 pspm_pp \T1/EBGaramond-OsF/regular/n/10 in 'simple_qa' mode n
ow uses the de-fault val-ues spe-cified in \T1/cmtt/m/n/10 pspm_simple_qa\T1/EB
Garamond-OsF/regular/n/10 . 
 []


Overfull \hbox (4.36206pt too wide) in paragraph at lines 6878--6880
[]\T1/cmtt/m/n/10 pspm_extract_segments \T1/EBGaramond-OsF/regular/n/10 now wor
ks both with GLM files and already loaded struc-
 []

[130]
Overfull \hbox (2.97952pt too wide) in paragraph at lines 6906--6910
[]\T1/cmtt/m/n/10 pspm_get_viewpoint \T1/EBGaramond-OsF/regular/n/10 is now abl
e to im-port blink and sac-cade chan-nels from sample
 []


Overfull \hbox (85.16397pt too wide) in paragraph at lines 6927--6930
\T1/EBGaramond-OsF/regular/n/10 data can be prin-ted in table format us-ing the
 new util-ity \T1/cmtt/m/n/10 function pspm_format_history_from_file 
 []


Overfull \hbox (12.68488pt too wide) in paragraph at lines 6938--6940
[]\T1/EBGaramond-OsF/regular/n/10 Newest ver-sion of PsPM is now ob-tained from
 the ver-sion string in pspm.sourceforge.net,
 []

[131] [132]
Overfull \hbox (3.9519pt too wide) in paragraph at lines 7005--7007
[]\T1/EBGaramond-OsF/regular/n/10 Fix a bug in \T1/cmtt/m/n/10 pspm_version \T1
/EBGaramond-OsF/regular/n/10 which crashed when MAT-LAB was in-voked with \T1/c
mtt/m/n/10 -nojvm 
 []

[133]
Overfull \hbox (6.5343pt too wide) in paragraph at lines 7049--7051
[]\T1/EBGaramond-OsF/regular/n/10 Fix a bux in \T1/cmtt/m/n/10 pspm_bf_lcrf_gm 
\T1/EBGaramond-OsF/regular/n/10 and \T1/cmtt/m/n/10 pspm_bf_ldrf_gm \T1/EBGaram
ond-OsF/regular/n/10 where the off-set was wrongly
 []


Overfull \hbox (85.23964pt too wide) in paragraph at lines 7081--7083
[]\T1/EBGaramond-OsF/regular/n/10 Factor out blink/sac-cade edge fil-ter-ing lo
-gic out of \T1/cmtt/m/n/10 pspm_get_eyelink \T1/EBGaramond-OsF/regular/n/10 to
 \T1/cmtt/m/n/10 pspm_blink_saccade_filt\T1/EBGaramond-OsF/regular/n/10 . 
 []

[134] [135] [136] [137]
Overfull \hbox (4.28491pt too wide) in paragraph at lines 7257--7259
[]\T1/EBGaramond-OsF/regular/n/10 The DCM in-ver-sion uses a vari-ational Bayes
ian in-ver-sion scheme writ-ten by Jean Daun-
 []

[138

] [139] (./PsPM_Manual.bbl [140

] [141] [142]) [143] (./PsPM_Manual.aux)

LaTeX Font Warning: Size substitutions with differences
(Font)              up to 0.5pt have occurred.

Package rerunfilecheck Info: File `PsPM_Manual.out' has not changed.
(rerunfilecheck)             Checksum: 2931E45E0C3DDFFC22A56DC61E50BB9F;28885.
 ) 
Here is how much of TeX's memory you used:
 22262 strings out of 478293
 359904 string characters out of 5844967
 865726 words of memory out of 5000000
 38911 multiletter control sequences out of 15000+600000
 598712 words of font info for 172 fonts, out of 8000000 for 9000
 1141 hyphenation exceptions out of 8191
 94i,11n,92p,621b,1860s stack positions out of 10000i,1000n,20000p,200000b,200000s
{/usr/local/texlive/2022/texmf-dist/fonts/enc/dvips/cm-super/cm-super-t1.enc}
{/usr/local/texlive/2022/texmf-dist/fonts/enc/dvips/ebgaramond/ebgm_j2crie.enc}
{/usr/local/texlive/2022/texmf-dist/fonts/enc/dvips/ebgaramond/ebgm_ld6df2.enc}
{/usr/local/texlive/2022/texmf-dist/fonts/enc/dvips/ebgaramond/ebgm_gfppum.enc}
{/usr/local/texlive/2022/texmf-dist/fonts/enc/dvips/ebgaramond-maths/a_w5zv5t.e
nc}{/usr/local/texlive/2022/texmf-dist/fonts/enc/dvips/ebgaramond/ebgm_tcdnmr.e
nc}{/usr/local/texlive/2022/texmf-dist/fonts/enc/dvips/ebgaramond/ebgm_ljow5q.e
nc}</usr/local/texlive/2022/texmf-dist/fonts/type1/public/ebgaramond/EBGaramond
-Bold.pfb></usr/local/texlive/2022/texmf-dist/fonts/type1/public/ebgaramond/EBG
aramond-Italic.pfb></usr/local/texlive/2022/texmf-dist/fonts/type1/public/ebgar
amond/EBGaramond-Regular.pfb></usr/local/texlive/2022/texmf-dist/fonts/type1/pu
blic/cm-super/sfit0800.pfb></usr/local/texlive/2022/texmf-dist/fonts/type1/publ
ic/cm-super/sftt0800.pfb></usr/local/texlive/2022/texmf-dist/fonts/type1/public
/cm-super/sftt1000.pfb></usr/local/texlive/2022/texmf-dist/fonts/type1/public/s
tmaryrd/stmary10.pfb></usr/local/texlive/2022/texmf-dist/fonts/type1/public/new
tx/txexs.pfb></usr/local/texlive/2022/texmf-dist/fonts/type1/public/newtx/txmia
X.pfb></usr/local/texlive/2022/texmf-dist/fonts/type1/public/txfonts/txsya.pfb>
</usr/local/texlive/2022/texmf-dist/fonts/type1/public/txfonts/txsyb.pfb></usr/
local/texlive/2022/texmf-dist/fonts/type1/public/newtx/txsys.pfb>
Output written on PsPM_Manual.pdf (143 pages, 1649204 bytes).
PDF statistics:
 2784 PDF objects out of 2984 (max. 8388607)
 2548 compressed objects within 26 object streams
 1072 named destinations out of 1200 (max. 500000)
 1356 words of extra memory for PDF output out of 10000 (max. 10000000)

